2020-05-19 00:52:41.882 [ SpringContextShutdownHook ] - [ INFO  ] [ com.alibaba.druid.pool.DruidDataSource : 1817 ] - {dataSource-2} closed
2020-05-19 00:52:51.558 [ restartedMain ] - [ INFO  ] [ com.example.seckill.SeckillApplication : 55 ] - Starting SeckillApplication on panyibiaodeMacBook-Air.local with PID 16364 (/Users/panyibiao/IdeaProjects/seckill/target/classes started by panyibiao in /Users/panyibiao/IdeaProjects/seckill)
2020-05-19 00:52:51.564 [ restartedMain ] - [ INFO  ] [ com.example.seckill.SeckillApplication : 651 ] - No active profile set, falling back to default profiles: default
2020-05-19 00:52:54.299 [ restartedMain ] - [ INFO  ] [ org.apache.coyote.http11.Http11NioProtocol : 173 ] - Initializing ProtocolHandler ["http-nio-8080"]
2020-05-19 00:52:54.300 [ restartedMain ] - [ INFO  ] [ org.apache.catalina.core.StandardService : 173 ] - Starting service [Tomcat]
2020-05-19 00:52:54.301 [ restartedMain ] - [ INFO  ] [ org.apache.catalina.core.StandardEngine : 173 ] - Starting Servlet engine: [Apache Tomcat/9.0.34]
2020-05-19 00:52:54.423 [ restartedMain ] - [ INFO  ] [ o.a.c.core.ContainerBase.[Tomcat].[localhost].[/] : 173 ] - Initializing Spring embedded WebApplicationContext
2020-05-19 00:52:55.946 [ restartedMain ] - [ INFO  ] [ com.alibaba.druid.pool.DruidDataSource : 922 ] - {dataSource-1} inited
2020-05-19 00:52:56.464 [ restartedMain ] - [ INFO  ] [ io.lettuce.core.EpollProvider : 68 ] - Starting without optional epoll library
2020-05-19 00:52:56.468 [ restartedMain ] - [ INFO  ] [ io.lettuce.core.KqueueProvider : 70 ] - Starting without optional kqueue library
2020-05-19 00:52:59.239 [ restartedMain ] - [ INFO  ] [ org.apache.coyote.http11.Http11NioProtocol : 173 ] - Starting ProtocolHandler ["http-nio-8080"]
2020-05-19 00:52:59.273 [ restartedMain ] - [ INFO  ] [ com.example.seckill.SeckillApplication : 61 ] - Started SeckillApplication in 9.136 seconds (JVM running for 11.852)
2020-05-19 00:53:18.543 [ http-nio-8080-exec-1 ] - [ INFO  ] [ o.a.c.core.ContainerBase.[Tomcat].[localhost].[/] : 173 ] - Initializing Spring DispatcherServlet 'dispatcherServlet'
2020-05-19 00:57:47.102 [ AMQP Connection 182.92.235.82:5672 ] - [ ERROR ] [ com.rabbitmq.client.impl.ForgivingExceptionHandler : 119 ] - An unexpected connection driver error occured
java.net.SocketException: Operation timed out (Read failed)
	at java.net.SocketInputStream.socketRead0(Native Method)
	at java.net.SocketInputStream.socketRead(SocketInputStream.java:116)
	at java.net.SocketInputStream.read(SocketInputStream.java:171)
	at java.net.SocketInputStream.read(SocketInputStream.java:141)
	at java.io.BufferedInputStream.fill(BufferedInputStream.java:246)
	at java.io.BufferedInputStream.read(BufferedInputStream.java:265)
	at java.io.DataInputStream.readUnsignedByte(DataInputStream.java:288)
	at com.rabbitmq.client.impl.Frame.readFrom(Frame.java:91)
	at com.rabbitmq.client.impl.SocketFrameHandler.readFrame(SocketFrameHandler.java:184)
	at com.rabbitmq.client.impl.AMQConnection$MainLoop.run(AMQConnection.java:598)
	at java.lang.Thread.run(Thread.java:748)
2020-05-19 01:01:21.702 [ SpringContextShutdownHook ] - [ INFO  ] [ com.alibaba.druid.pool.DruidDataSource : 1817 ] - {dataSource-1} closed
2020-05-19 01:01:30.130 [ restartedMain ] - [ INFO  ] [ com.example.seckill.SeckillApplication : 55 ] - Starting SeckillApplication on panyibiaodeMacBook-Air.local with PID 16371 (/Users/panyibiao/IdeaProjects/seckill/target/classes started by panyibiao in /Users/panyibiao/IdeaProjects/seckill)
2020-05-19 01:01:30.134 [ restartedMain ] - [ INFO  ] [ com.example.seckill.SeckillApplication : 651 ] - No active profile set, falling back to default profiles: default
2020-05-19 01:01:32.688 [ restartedMain ] - [ INFO  ] [ org.apache.coyote.http11.Http11NioProtocol : 173 ] - Initializing ProtocolHandler ["http-nio-8080"]
2020-05-19 01:01:32.690 [ restartedMain ] - [ INFO  ] [ org.apache.catalina.core.StandardService : 173 ] - Starting service [Tomcat]
2020-05-19 01:01:32.690 [ restartedMain ] - [ INFO  ] [ org.apache.catalina.core.StandardEngine : 173 ] - Starting Servlet engine: [Apache Tomcat/9.0.34]
2020-05-19 01:01:32.796 [ restartedMain ] - [ INFO  ] [ o.a.c.core.ContainerBase.[Tomcat].[localhost].[/] : 173 ] - Initializing Spring embedded WebApplicationContext
2020-05-19 01:01:34.182 [ restartedMain ] - [ INFO  ] [ com.alibaba.druid.pool.DruidDataSource : 922 ] - {dataSource-1} inited
2020-05-19 01:01:34.704 [ restartedMain ] - [ INFO  ] [ io.lettuce.core.EpollProvider : 68 ] - Starting without optional epoll library
2020-05-19 01:01:34.706 [ restartedMain ] - [ INFO  ] [ io.lettuce.core.KqueueProvider : 70 ] - Starting without optional kqueue library
2020-05-19 01:01:37.641 [ restartedMain ] - [ INFO  ] [ org.apache.coyote.http11.Http11NioProtocol : 173 ] - Starting ProtocolHandler ["http-nio-8080"]
2020-05-19 01:01:37.671 [ restartedMain ] - [ INFO  ] [ com.example.seckill.SeckillApplication : 61 ] - Started SeckillApplication in 8.721 seconds (JVM running for 10.784)
2020-05-19 01:01:42.180 [ http-nio-8080-exec-1 ] - [ INFO  ] [ o.a.c.core.ContainerBase.[Tomcat].[localhost].[/] : 173 ] - Initializing Spring DispatcherServlet 'dispatcherServlet'
2020-05-19 09:32:15.796 [ AMQP Connection 182.92.235.82:5672 ] - [ ERROR ] [ com.rabbitmq.client.impl.ForgivingExceptionHandler : 119 ] - An unexpected connection driver error occured
java.net.SocketException: Operation timed out (Read failed)
	at java.net.SocketInputStream.socketRead0(Native Method)
	at java.net.SocketInputStream.socketRead(SocketInputStream.java:116)
	at java.net.SocketInputStream.read(SocketInputStream.java:171)
	at java.net.SocketInputStream.read(SocketInputStream.java:141)
	at java.io.BufferedInputStream.fill(BufferedInputStream.java:246)
	at java.io.BufferedInputStream.read(BufferedInputStream.java:265)
	at java.io.DataInputStream.readUnsignedByte(DataInputStream.java:288)
	at com.rabbitmq.client.impl.Frame.readFrom(Frame.java:91)
	at com.rabbitmq.client.impl.SocketFrameHandler.readFrame(SocketFrameHandler.java:184)
	at com.rabbitmq.client.impl.AMQConnection$MainLoop.run(AMQConnection.java:598)
	at java.lang.Thread.run(Thread.java:748)
2020-05-19 11:35:03.297 [ AMQP Connection 182.92.235.82:5672 ] - [ ERROR ] [ com.rabbitmq.client.impl.ForgivingExceptionHandler : 119 ] - An unexpected connection driver error occured
java.net.SocketException: Operation timed out (Read failed)
	at java.net.SocketInputStream.socketRead0(Native Method)
	at java.net.SocketInputStream.socketRead(SocketInputStream.java:116)
	at java.net.SocketInputStream.read(SocketInputStream.java:171)
	at java.net.SocketInputStream.read(SocketInputStream.java:141)
	at java.io.BufferedInputStream.fill(BufferedInputStream.java:246)
	at java.io.BufferedInputStream.read(BufferedInputStream.java:265)
	at java.io.DataInputStream.readUnsignedByte(DataInputStream.java:288)
	at com.rabbitmq.client.impl.Frame.readFrom(Frame.java:91)
	at com.rabbitmq.client.impl.SocketFrameHandler.readFrame(SocketFrameHandler.java:184)
	at com.rabbitmq.client.impl.AMQConnection$MainLoop.run(AMQConnection.java:598)
	at java.lang.Thread.run(Thread.java:748)
2020-05-19 11:42:31.227 [ AMQP Connection 182.92.235.82:5672 ] - [ ERROR ] [ com.rabbitmq.client.impl.ForgivingExceptionHandler : 119 ] - An unexpected connection driver error occured
java.net.SocketException: Network is down (Read failed)
	at java.net.SocketInputStream.socketRead0(Native Method)
	at java.net.SocketInputStream.socketRead(SocketInputStream.java:116)
	at java.net.SocketInputStream.read(SocketInputStream.java:171)
	at java.net.SocketInputStream.read(SocketInputStream.java:141)
	at java.io.BufferedInputStream.fill(BufferedInputStream.java:246)
	at java.io.BufferedInputStream.read(BufferedInputStream.java:265)
	at java.io.DataInputStream.readUnsignedByte(DataInputStream.java:288)
	at com.rabbitmq.client.impl.Frame.readFrom(Frame.java:91)
	at com.rabbitmq.client.impl.SocketFrameHandler.readFrame(SocketFrameHandler.java:184)
	at com.rabbitmq.client.impl.AMQConnection$MainLoop.run(AMQConnection.java:598)
	at java.lang.Thread.run(Thread.java:748)
2020-05-19 11:47:37.028 [ AMQP Connection 182.92.235.82:5672 ] - [ ERROR ] [ com.rabbitmq.client.impl.ForgivingExceptionHandler : 119 ] - An unexpected connection driver error occured
java.net.SocketException: Operation timed out (Read failed)
	at java.net.SocketInputStream.socketRead0(Native Method)
	at java.net.SocketInputStream.socketRead(SocketInputStream.java:116)
	at java.net.SocketInputStream.read(SocketInputStream.java:171)
	at java.net.SocketInputStream.read(SocketInputStream.java:141)
	at java.io.BufferedInputStream.fill(BufferedInputStream.java:246)
	at java.io.BufferedInputStream.read(BufferedInputStream.java:265)
	at java.io.DataInputStream.readUnsignedByte(DataInputStream.java:288)
	at com.rabbitmq.client.impl.Frame.readFrom(Frame.java:91)
	at com.rabbitmq.client.impl.SocketFrameHandler.readFrame(SocketFrameHandler.java:184)
	at com.rabbitmq.client.impl.AMQConnection$MainLoop.run(AMQConnection.java:598)
	at java.lang.Thread.run(Thread.java:748)
2020-05-19 11:55:21.408 [ AMQP Connection 182.92.235.82:5672 ] - [ ERROR ] [ com.rabbitmq.client.impl.ForgivingExceptionHandler : 119 ] - An unexpected connection driver error occured
java.net.SocketException: Network is down (Read failed)
	at java.net.SocketInputStream.socketRead0(Native Method)
	at java.net.SocketInputStream.socketRead(SocketInputStream.java:116)
	at java.net.SocketInputStream.read(SocketInputStream.java:171)
	at java.net.SocketInputStream.read(SocketInputStream.java:141)
	at java.io.BufferedInputStream.fill(BufferedInputStream.java:246)
	at java.io.BufferedInputStream.read(BufferedInputStream.java:265)
	at java.io.DataInputStream.readUnsignedByte(DataInputStream.java:288)
	at com.rabbitmq.client.impl.Frame.readFrom(Frame.java:91)
	at com.rabbitmq.client.impl.SocketFrameHandler.readFrame(SocketFrameHandler.java:184)
	at com.rabbitmq.client.impl.AMQConnection$MainLoop.run(AMQConnection.java:598)
	at java.lang.Thread.run(Thread.java:748)
2020-05-19 12:02:50.290 [ AMQP Connection 182.92.235.82:5672 ] - [ ERROR ] [ com.rabbitmq.client.impl.ForgivingExceptionHandler : 119 ] - An unexpected connection driver error occured
java.net.SocketException: Operation timed out (Read failed)
	at java.net.SocketInputStream.socketRead0(Native Method)
	at java.net.SocketInputStream.socketRead(SocketInputStream.java:116)
	at java.net.SocketInputStream.read(SocketInputStream.java:171)
	at java.net.SocketInputStream.read(SocketInputStream.java:141)
	at java.io.BufferedInputStream.fill(BufferedInputStream.java:246)
	at java.io.BufferedInputStream.read(BufferedInputStream.java:265)
	at java.io.DataInputStream.readUnsignedByte(DataInputStream.java:288)
	at com.rabbitmq.client.impl.Frame.readFrom(Frame.java:91)
	at com.rabbitmq.client.impl.SocketFrameHandler.readFrame(SocketFrameHandler.java:184)
	at com.rabbitmq.client.impl.AMQConnection$MainLoop.run(AMQConnection.java:598)
	at java.lang.Thread.run(Thread.java:748)
2020-05-19 12:27:12.240 [ AMQP Connection 182.92.235.82:5672 ] - [ ERROR ] [ com.rabbitmq.client.impl.ForgivingExceptionHandler : 119 ] - An unexpected connection driver error occured
java.net.SocketException: Network is down (Read failed)
	at java.net.SocketInputStream.socketRead0(Native Method)
	at java.net.SocketInputStream.socketRead(SocketInputStream.java:116)
	at java.net.SocketInputStream.read(SocketInputStream.java:171)
	at java.net.SocketInputStream.read(SocketInputStream.java:141)
	at java.io.BufferedInputStream.fill(BufferedInputStream.java:246)
	at java.io.BufferedInputStream.read(BufferedInputStream.java:265)
	at java.io.DataInputStream.readUnsignedByte(DataInputStream.java:288)
	at com.rabbitmq.client.impl.Frame.readFrom(Frame.java:91)
	at com.rabbitmq.client.impl.SocketFrameHandler.readFrame(SocketFrameHandler.java:184)
	at com.rabbitmq.client.impl.AMQConnection$MainLoop.run(AMQConnection.java:598)
	at java.lang.Thread.run(Thread.java:748)
2020-05-19 12:57:14.289 [ SpringContextShutdownHook ] - [ INFO  ] [ com.alibaba.druid.pool.DruidDataSource : 1817 ] - {dataSource-1} closed
2020-05-19 12:57:51.748 [ restartedMain ] - [ INFO  ] [ com.example.seckill.SeckillApplication : 55 ] - Starting SeckillApplication on panyibiaodeMacBook-Air.local with PID 16558 (/Users/panyibiao/IdeaProjects/seckill/target/classes started by panyibiao in /Users/panyibiao/IdeaProjects/seckill)
2020-05-19 12:57:51.758 [ restartedMain ] - [ INFO  ] [ com.example.seckill.SeckillApplication : 651 ] - No active profile set, falling back to default profiles: default
2020-05-19 12:57:56.635 [ restartedMain ] - [ INFO  ] [ org.apache.coyote.http11.Http11NioProtocol : 173 ] - Initializing ProtocolHandler ["http-nio-8080"]
2020-05-19 12:57:56.642 [ restartedMain ] - [ INFO  ] [ org.apache.catalina.core.StandardService : 173 ] - Starting service [Tomcat]
2020-05-19 12:57:56.643 [ restartedMain ] - [ INFO  ] [ org.apache.catalina.core.StandardEngine : 173 ] - Starting Servlet engine: [Apache Tomcat/9.0.34]
2020-05-19 12:57:56.875 [ restartedMain ] - [ INFO  ] [ o.a.c.core.ContainerBase.[Tomcat].[localhost].[/] : 173 ] - Initializing Spring embedded WebApplicationContext
2020-05-19 12:57:59.593 [ restartedMain ] - [ INFO  ] [ com.alibaba.druid.pool.DruidDataSource : 922 ] - {dataSource-1} inited
2020-05-19 12:58:00.536 [ restartedMain ] - [ INFO  ] [ io.lettuce.core.EpollProvider : 68 ] - Starting without optional epoll library
2020-05-19 12:58:00.540 [ restartedMain ] - [ INFO  ] [ io.lettuce.core.KqueueProvider : 70 ] - Starting without optional kqueue library
2020-05-19 12:58:04.044 [ restartedMain ] - [ INFO  ] [ org.apache.coyote.http11.Http11NioProtocol : 173 ] - Starting ProtocolHandler ["http-nio-8080"]
2020-05-19 12:58:04.088 [ restartedMain ] - [ INFO  ] [ com.example.seckill.SeckillApplication : 61 ] - Started SeckillApplication in 14.525 seconds (JVM running for 18.381)
2020-05-19 12:58:40.410 [ http-nio-8080-exec-1 ] - [ INFO  ] [ o.a.c.core.ContainerBase.[Tomcat].[localhost].[/] : 173 ] - Initializing Spring DispatcherServlet 'dispatcherServlet'
2020-05-19 15:59:52.887 [ AMQP Connection 182.92.235.82:5672 ] - [ ERROR ] [ com.rabbitmq.client.impl.ForgivingExceptionHandler : 119 ] - An unexpected connection driver error occured
java.net.SocketException: Operation timed out (Read failed)
	at java.net.SocketInputStream.socketRead0(Native Method)
	at java.net.SocketInputStream.socketRead(SocketInputStream.java:116)
	at java.net.SocketInputStream.read(SocketInputStream.java:171)
	at java.net.SocketInputStream.read(SocketInputStream.java:141)
	at java.io.BufferedInputStream.fill(BufferedInputStream.java:246)
	at java.io.BufferedInputStream.read(BufferedInputStream.java:265)
	at java.io.DataInputStream.readUnsignedByte(DataInputStream.java:288)
	at com.rabbitmq.client.impl.Frame.readFrom(Frame.java:91)
	at com.rabbitmq.client.impl.SocketFrameHandler.readFrame(SocketFrameHandler.java:184)
	at com.rabbitmq.client.impl.AMQConnection$MainLoop.run(AMQConnection.java:598)
	at java.lang.Thread.run(Thread.java:748)
2020-05-19 18:21:10.308 [ AMQP Connection 182.92.235.82:5672 ] - [ ERROR ] [ com.rabbitmq.client.impl.ForgivingExceptionHandler : 119 ] - An unexpected connection driver error occured
java.net.SocketException: Operation timed out (Read failed)
	at java.net.SocketInputStream.socketRead0(Native Method)
	at java.net.SocketInputStream.socketRead(SocketInputStream.java:116)
	at java.net.SocketInputStream.read(SocketInputStream.java:171)
	at java.net.SocketInputStream.read(SocketInputStream.java:141)
	at java.io.BufferedInputStream.fill(BufferedInputStream.java:246)
	at java.io.BufferedInputStream.read(BufferedInputStream.java:265)
	at java.io.DataInputStream.readUnsignedByte(DataInputStream.java:288)
	at com.rabbitmq.client.impl.Frame.readFrom(Frame.java:91)
	at com.rabbitmq.client.impl.SocketFrameHandler.readFrame(SocketFrameHandler.java:184)
	at com.rabbitmq.client.impl.AMQConnection$MainLoop.run(AMQConnection.java:598)
	at java.lang.Thread.run(Thread.java:748)
2020-05-19 19:00:53.132 [ SpringContextShutdownHook ] - [ INFO  ] [ com.alibaba.druid.pool.DruidDataSource : 1817 ] - {dataSource-1} closed
