2020-05-10 01:49:36.660 [ restartedMain ] - [ INFO  ] [ com.example.seckill.SeckillApplication : 55 ] - Starting SeckillApplication on panyibiaodeMacBook-Air.local with PID 5519 (/Users/panyibiao/IdeaProjects/seckill/target/classes started by panyibiao in /Users/panyibiao/IdeaProjects/seckill)
2020-05-10 01:49:36.670 [ restartedMain ] - [ INFO  ] [ com.example.seckill.SeckillApplication : 651 ] - No active profile set, falling back to default profiles: default
2020-05-10 01:49:39.263 [ restartedMain ] - [ INFO  ] [ org.apache.coyote.http11.Http11NioProtocol : 173 ] - Initializing ProtocolHandler ["http-nio-8080"]
2020-05-10 01:49:39.264 [ restartedMain ] - [ INFO  ] [ org.apache.catalina.core.StandardService : 173 ] - Starting service [Tomcat]
2020-05-10 01:49:39.265 [ restartedMain ] - [ INFO  ] [ org.apache.catalina.core.StandardEngine : 173 ] - Starting Servlet engine: [Apache Tomcat/9.0.34]
2020-05-10 01:49:39.411 [ restartedMain ] - [ INFO  ] [ o.a.c.core.ContainerBase.[Tomcat].[localhost].[/] : 173 ] - Initializing Spring embedded WebApplicationContext
2020-05-10 01:49:41.818 [ restartedMain ] - [ INFO  ] [ org.apache.coyote.http11.Http11NioProtocol : 173 ] - Starting ProtocolHandler ["http-nio-8080"]
2020-05-10 01:49:41.910 [ restartedMain ] - [ INFO  ] [ com.example.seckill.SeckillApplication : 61 ] - Started SeckillApplication in 6.786 seconds (JVM running for 9.053)
2020-05-10 01:49:52.735 [ http-nio-8080-exec-1 ] - [ INFO  ] [ o.a.c.core.ContainerBase.[Tomcat].[localhost].[/] : 173 ] - Initializing Spring DispatcherServlet 'dispatcherServlet'
2020-05-10 01:49:53.014 [ http-nio-8080-exec-1 ] - [ INFO  ] [ io.lettuce.core.EpollProvider : 68 ] - Starting without optional epoll library
2020-05-10 01:49:53.018 [ http-nio-8080-exec-1 ] - [ INFO  ] [ io.lettuce.core.KqueueProvider : 70 ] - Starting without optional kqueue library
2020-05-10 14:12:04.442 [ restartedMain ] - [ INFO  ] [ com.example.seckill.SeckillApplication : 55 ] - Starting SeckillApplication on panyibiaodeMacBook-Air.local with PID 5824 (/Users/panyibiao/IdeaProjects/seckill/target/classes started by panyibiao in /Users/panyibiao/IdeaProjects/seckill)
2020-05-10 14:12:04.450 [ restartedMain ] - [ INFO  ] [ com.example.seckill.SeckillApplication : 651 ] - No active profile set, falling back to default profiles: default
2020-05-10 14:12:08.272 [ restartedMain ] - [ INFO  ] [ org.apache.coyote.http11.Http11NioProtocol : 173 ] - Initializing ProtocolHandler ["http-nio-8080"]
2020-05-10 14:12:08.274 [ restartedMain ] - [ INFO  ] [ org.apache.catalina.core.StandardService : 173 ] - Starting service [Tomcat]
2020-05-10 14:12:08.275 [ restartedMain ] - [ INFO  ] [ org.apache.catalina.core.StandardEngine : 173 ] - Starting Servlet engine: [Apache Tomcat/9.0.34]
2020-05-10 14:12:08.489 [ restartedMain ] - [ INFO  ] [ o.a.c.core.ContainerBase.[Tomcat].[localhost].[/] : 173 ] - Initializing Spring embedded WebApplicationContext
2020-05-10 14:12:10.706 [ restartedMain ] - [ INFO  ] [ org.apache.coyote.http11.Http11NioProtocol : 173 ] - Starting ProtocolHandler ["http-nio-8080"]
2020-05-10 14:12:10.764 [ restartedMain ] - [ INFO  ] [ com.example.seckill.SeckillApplication : 61 ] - Started SeckillApplication in 7.606 seconds (JVM running for 10.212)
2020-05-10 14:12:15.397 [ http-nio-8080-exec-1 ] - [ INFO  ] [ o.a.c.core.ContainerBase.[Tomcat].[localhost].[/] : 173 ] - Initializing Spring DispatcherServlet 'dispatcherServlet'
2020-05-10 14:12:15.741 [ http-nio-8080-exec-1 ] - [ INFO  ] [ io.lettuce.core.EpollProvider : 68 ] - Starting without optional epoll library
2020-05-10 14:12:15.744 [ http-nio-8080-exec-1 ] - [ INFO  ] [ io.lettuce.core.KqueueProvider : 70 ] - Starting without optional kqueue library
2020-05-10 14:12:27.256 [ http-nio-8080-exec-3 ] - [ ERROR ] [ o.a.c.c.C.[.[localhost].[/].[dispatcherServlet] : 175 ] - Servlet.service() for servlet [dispatcherServlet] in context with path [] threw exception [Request processing failed; nested exception is org.mybatis.spring.MyBatisSystemException: nested exception is org.apache.ibatis.binding.BindingException: Parameter 'username' not found. Available parameters are [arg1, arg0, param1, param2]] with root cause
org.apache.ibatis.binding.BindingException: Parameter 'username' not found. Available parameters are [arg1, arg0, param1, param2]
	at org.apache.ibatis.binding.MapperMethod$ParamMap.get(MapperMethod.java:212)
	at org.apache.ibatis.reflection.wrapper.MapWrapper.get(MapWrapper.java:45)
	at org.apache.ibatis.reflection.MetaObject.getValue(MetaObject.java:122)
	at org.apache.ibatis.executor.BaseExecutor.createCacheKey(BaseExecutor.java:219)
	at org.apache.ibatis.executor.CachingExecutor.createCacheKey(CachingExecutor.java:146)
	at org.apache.ibatis.executor.CachingExecutor.query(CachingExecutor.java:82)
	at org.apache.ibatis.session.defaults.DefaultSqlSession.selectList(DefaultSqlSession.java:147)
	at org.apache.ibatis.session.defaults.DefaultSqlSession.selectList(DefaultSqlSession.java:140)
	at org.apache.ibatis.session.defaults.DefaultSqlSession.selectOne(DefaultSqlSession.java:76)
	at sun.reflect.NativeMethodAccessorImpl.invoke0(Native Method)
	at sun.reflect.NativeMethodAccessorImpl.invoke(NativeMethodAccessorImpl.java:62)
	at sun.reflect.DelegatingMethodAccessorImpl.invoke(DelegatingMethodAccessorImpl.java:43)
	at java.lang.reflect.Method.invoke(Method.java:498)
	at org.mybatis.spring.SqlSessionTemplate$SqlSessionInterceptor.invoke(SqlSessionTemplate.java:426)
	at com.sun.proxy.$Proxy69.selectOne(Unknown Source)
	at org.mybatis.spring.SqlSessionTemplate.selectOne(SqlSessionTemplate.java:159)
	at org.apache.ibatis.binding.MapperMethod.execute(MapperMethod.java:87)
	at org.apache.ibatis.binding.MapperProxy$PlainMethodInvoker.invoke(MapperProxy.java:144)
	at org.apache.ibatis.binding.MapperProxy.invoke(MapperProxy.java:85)
	at com.sun.proxy.$Proxy73.findByUsernameAndPassword(Unknown Source)
	at sun.reflect.NativeMethodAccessorImpl.invoke0(Native Method)
	at sun.reflect.NativeMethodAccessorImpl.invoke(NativeMethodAccessorImpl.java:62)
	at sun.reflect.DelegatingMethodAccessorImpl.invoke(DelegatingMethodAccessorImpl.java:43)
	at java.lang.reflect.Method.invoke(Method.java:498)
	at org.springframework.aop.support.AopUtils.invokeJoinpointUsingReflection(AopUtils.java:344)
	at org.springframework.aop.framework.ReflectiveMethodInvocation.invokeJoinpoint(ReflectiveMethodInvocation.java:198)
	at org.springframework.aop.framework.ReflectiveMethodInvocation.proceed(ReflectiveMethodInvocation.java:163)
	at org.springframework.dao.support.PersistenceExceptionTranslationInterceptor.invoke(PersistenceExceptionTranslationInterceptor.java:139)
	at org.springframework.aop.framework.ReflectiveMethodInvocation.proceed(ReflectiveMethodInvocation.java:186)
	at org.springframework.aop.framework.JdkDynamicAopProxy.invoke(JdkDynamicAopProxy.java:212)
	at com.sun.proxy.$Proxy74.findByUsernameAndPassword(Unknown Source)
	at com.example.seckill.service.impl.UserService.findByUsernameAndPassword(UserService.java:26)
	at com.example.seckill.controller.LoginController.login_do(LoginController.java:32)
	at sun.reflect.NativeMethodAccessorImpl.invoke0(Native Method)
	at sun.reflect.NativeMethodAccessorImpl.invoke(NativeMethodAccessorImpl.java:62)
	at sun.reflect.DelegatingMethodAccessorImpl.invoke(DelegatingMethodAccessorImpl.java:43)
	at java.lang.reflect.Method.invoke(Method.java:498)
	at org.springframework.web.method.support.InvocableHandlerMethod.doInvoke(InvocableHandlerMethod.java:190)
	at org.springframework.web.method.support.InvocableHandlerMethod.invokeForRequest(InvocableHandlerMethod.java:138)
	at org.springframework.web.servlet.mvc.method.annotation.ServletInvocableHandlerMethod.invokeAndHandle(ServletInvocableHandlerMethod.java:105)
	at org.springframework.web.servlet.mvc.method.annotation.RequestMappingHandlerAdapter.invokeHandlerMethod(RequestMappingHandlerAdapter.java:879)
	at org.springframework.web.servlet.mvc.method.annotation.RequestMappingHandlerAdapter.handleInternal(RequestMappingHandlerAdapter.java:793)
	at org.springframework.web.servlet.mvc.method.AbstractHandlerMethodAdapter.handle(AbstractHandlerMethodAdapter.java:87)
	at org.springframework.web.servlet.DispatcherServlet.doDispatch(DispatcherServlet.java:1040)
	at org.springframework.web.servlet.DispatcherServlet.doService(DispatcherServlet.java:943)
	at org.springframework.web.servlet.FrameworkServlet.processRequest(FrameworkServlet.java:1006)
	at org.springframework.web.servlet.FrameworkServlet.doPost(FrameworkServlet.java:909)
	at javax.servlet.http.HttpServlet.service(HttpServlet.java:660)
	at org.springframework.web.servlet.FrameworkServlet.service(FrameworkServlet.java:883)
	at javax.servlet.http.HttpServlet.service(HttpServlet.java:741)
	at org.apache.catalina.core.ApplicationFilterChain.internalDoFilter(ApplicationFilterChain.java:231)
	at org.apache.catalina.core.ApplicationFilterChain.doFilter(ApplicationFilterChain.java:166)
	at org.apache.tomcat.websocket.server.WsFilter.doFilter(WsFilter.java:53)
	at org.apache.catalina.core.ApplicationFilterChain.internalDoFilter(ApplicationFilterChain.java:193)
	at org.apache.catalina.core.ApplicationFilterChain.doFilter(ApplicationFilterChain.java:166)
	at org.springframework.web.filter.RequestContextFilter.doFilterInternal(RequestContextFilter.java:100)
	at org.springframework.web.filter.OncePerRequestFilter.doFilter(OncePerRequestFilter.java:119)
	at org.apache.catalina.core.ApplicationFilterChain.internalDoFilter(ApplicationFilterChain.java:193)
	at org.apache.catalina.core.ApplicationFilterChain.doFilter(ApplicationFilterChain.java:166)
	at org.springframework.web.filter.FormContentFilter.doFilterInternal(FormContentFilter.java:93)
	at org.springframework.web.filter.OncePerRequestFilter.doFilter(OncePerRequestFilter.java:119)
	at org.apache.catalina.core.ApplicationFilterChain.internalDoFilter(ApplicationFilterChain.java:193)
	at org.apache.catalina.core.ApplicationFilterChain.doFilter(ApplicationFilterChain.java:166)
	at org.springframework.web.filter.CharacterEncodingFilter.doFilterInternal(CharacterEncodingFilter.java:201)
	at org.springframework.web.filter.OncePerRequestFilter.doFilter(OncePerRequestFilter.java:119)
	at org.apache.catalina.core.ApplicationFilterChain.internalDoFilter(ApplicationFilterChain.java:193)
	at org.apache.catalina.core.ApplicationFilterChain.doFilter(ApplicationFilterChain.java:166)
	at org.apache.catalina.core.StandardWrapperValve.invoke(StandardWrapperValve.java:202)
	at org.apache.catalina.core.StandardContextValve.invoke(StandardContextValve.java:96)
	at org.apache.catalina.authenticator.AuthenticatorBase.invoke(AuthenticatorBase.java:541)
	at org.apache.catalina.core.StandardHostValve.invoke(StandardHostValve.java:139)
	at org.apache.catalina.valves.ErrorReportValve.invoke(ErrorReportValve.java:92)
	at org.apache.catalina.core.StandardEngineValve.invoke(StandardEngineValve.java:74)
	at org.apache.catalina.connector.CoyoteAdapter.service(CoyoteAdapter.java:343)
	at org.apache.coyote.http11.Http11Processor.service(Http11Processor.java:373)
	at org.apache.coyote.AbstractProcessorLight.process(AbstractProcessorLight.java:65)
	at org.apache.coyote.AbstractProtocol$ConnectionHandler.process(AbstractProtocol.java:868)
	at org.apache.tomcat.util.net.NioEndpoint$SocketProcessor.doRun(NioEndpoint.java:1590)
	at org.apache.tomcat.util.net.SocketProcessorBase.run(SocketProcessorBase.java:49)
	at java.util.concurrent.ThreadPoolExecutor.runWorker(ThreadPoolExecutor.java:1149)
	at java.util.concurrent.ThreadPoolExecutor$Worker.run(ThreadPoolExecutor.java:624)
	at org.apache.tomcat.util.threads.TaskThread$WrappingRunnable.run(TaskThread.java:61)
	at java.lang.Thread.run(Thread.java:748)
2020-05-10 14:14:38.451 [ restartedMain ] - [ INFO  ] [ com.example.seckill.SeckillApplication : 55 ] - Starting SeckillApplication on panyibiaodeMacBook-Air.local with PID 5834 (/Users/panyibiao/IdeaProjects/seckill/target/classes started by panyibiao in /Users/panyibiao/IdeaProjects/seckill)
2020-05-10 14:14:38.464 [ restartedMain ] - [ INFO  ] [ com.example.seckill.SeckillApplication : 651 ] - No active profile set, falling back to default profiles: default
2020-05-10 14:14:40.673 [ restartedMain ] - [ INFO  ] [ org.apache.coyote.http11.Http11NioProtocol : 173 ] - Initializing ProtocolHandler ["http-nio-8080"]
2020-05-10 14:14:40.674 [ restartedMain ] - [ INFO  ] [ org.apache.catalina.core.StandardService : 173 ] - Starting service [Tomcat]
2020-05-10 14:14:40.675 [ restartedMain ] - [ INFO  ] [ org.apache.catalina.core.StandardEngine : 173 ] - Starting Servlet engine: [Apache Tomcat/9.0.34]
2020-05-10 14:14:40.764 [ restartedMain ] - [ INFO  ] [ o.a.c.core.ContainerBase.[Tomcat].[localhost].[/] : 173 ] - Initializing Spring embedded WebApplicationContext
2020-05-10 14:14:41.972 [ restartedMain ] - [ INFO  ] [ org.apache.coyote.http11.Http11NioProtocol : 173 ] - Starting ProtocolHandler ["http-nio-8080"]
2020-05-10 14:14:42.032 [ restartedMain ] - [ INFO  ] [ com.example.seckill.SeckillApplication : 61 ] - Started SeckillApplication in 4.559 seconds (JVM running for 6.265)
2020-05-10 14:15:36.378 [ restartedMain ] - [ INFO  ] [ com.example.seckill.SeckillApplication : 55 ] - Starting SeckillApplication on panyibiaodeMacBook-Air.local with PID 5834 (/Users/panyibiao/IdeaProjects/seckill/target/classes started by panyibiao in /Users/panyibiao/IdeaProjects/seckill)
2020-05-10 14:15:36.380 [ restartedMain ] - [ INFO  ] [ com.example.seckill.SeckillApplication : 651 ] - No active profile set, falling back to default profiles: default
2020-05-10 14:15:37.047 [ restartedMain ] - [ INFO  ] [ org.apache.coyote.http11.Http11NioProtocol : 173 ] - Initializing ProtocolHandler ["http-nio-8080"]
2020-05-10 14:15:37.048 [ restartedMain ] - [ INFO  ] [ org.apache.catalina.core.StandardService : 173 ] - Starting service [Tomcat]
2020-05-10 14:15:37.049 [ restartedMain ] - [ INFO  ] [ org.apache.catalina.core.StandardEngine : 173 ] - Starting Servlet engine: [Apache Tomcat/9.0.34]
2020-05-10 14:15:37.065 [ restartedMain ] - [ INFO  ] [ o.a.c.core.ContainerBase.[Tomcat].[localhost].[/] : 173 ] - Initializing Spring embedded WebApplicationContext
2020-05-10 14:15:37.538 [ restartedMain ] - [ INFO  ] [ org.apache.coyote.http11.Http11NioProtocol : 173 ] - Starting ProtocolHandler ["http-nio-8080"]
2020-05-10 14:15:37.544 [ restartedMain ] - [ INFO  ] [ com.example.seckill.SeckillApplication : 61 ] - Started SeckillApplication in 1.237 seconds (JVM running for 61.776)
2020-05-10 14:16:53.470 [ http-nio-8080-exec-1 ] - [ INFO  ] [ o.a.c.core.ContainerBase.[Tomcat].[localhost].[/] : 173 ] - Initializing Spring DispatcherServlet 'dispatcherServlet'
2020-05-10 14:17:04.269 [ restartedMain ] - [ INFO  ] [ com.example.seckill.SeckillApplication : 55 ] - Starting SeckillApplication on panyibiaodeMacBook-Air.local with PID 5839 (/Users/panyibiao/IdeaProjects/seckill/target/classes started by panyibiao in /Users/panyibiao/IdeaProjects/seckill)
2020-05-10 14:17:04.282 [ restartedMain ] - [ INFO  ] [ com.example.seckill.SeckillApplication : 651 ] - No active profile set, falling back to default profiles: default
2020-05-10 14:17:06.477 [ restartedMain ] - [ INFO  ] [ org.apache.coyote.http11.Http11NioProtocol : 173 ] - Initializing ProtocolHandler ["http-nio-8080"]
2020-05-10 14:17:06.479 [ restartedMain ] - [ INFO  ] [ org.apache.catalina.core.StandardService : 173 ] - Starting service [Tomcat]
2020-05-10 14:17:06.479 [ restartedMain ] - [ INFO  ] [ org.apache.catalina.core.StandardEngine : 173 ] - Starting Servlet engine: [Apache Tomcat/9.0.34]
2020-05-10 14:17:06.571 [ restartedMain ] - [ INFO  ] [ o.a.c.core.ContainerBase.[Tomcat].[localhost].[/] : 173 ] - Initializing Spring embedded WebApplicationContext
2020-05-10 14:17:08.004 [ restartedMain ] - [ INFO  ] [ org.apache.coyote.http11.Http11NioProtocol : 173 ] - Starting ProtocolHandler ["http-nio-8080"]
2020-05-10 14:17:08.069 [ restartedMain ] - [ INFO  ] [ com.example.seckill.SeckillApplication : 61 ] - Started SeckillApplication in 5.046 seconds (JVM running for 6.9)
2020-05-10 14:17:18.218 [ http-nio-8080-exec-1 ] - [ INFO  ] [ o.a.c.core.ContainerBase.[Tomcat].[localhost].[/] : 173 ] - Initializing Spring DispatcherServlet 'dispatcherServlet'
2020-05-10 14:17:18.422 [ http-nio-8080-exec-1 ] - [ INFO  ] [ io.lettuce.core.EpollProvider : 68 ] - Starting without optional epoll library
2020-05-10 14:17:18.424 [ http-nio-8080-exec-1 ] - [ INFO  ] [ io.lettuce.core.KqueueProvider : 70 ] - Starting without optional kqueue library
2020-05-10 14:17:32.498 [ http-nio-8080-exec-7 ] - [ ERROR ] [ o.a.c.c.C.[.[localhost].[/].[dispatcherServlet] : 175 ] - Servlet.service() for servlet [dispatcherServlet] in context with path [] threw exception [Request processing failed; nested exception is org.mybatis.spring.MyBatisSystemException: nested exception is org.apache.ibatis.binding.BindingException: Parameter 'username' not found. Available parameters are [arg1, arg0, param1, param2]] with root cause
org.apache.ibatis.binding.BindingException: Parameter 'username' not found. Available parameters are [arg1, arg0, param1, param2]
	at org.apache.ibatis.binding.MapperMethod$ParamMap.get(MapperMethod.java:212)
	at org.apache.ibatis.reflection.wrapper.MapWrapper.get(MapWrapper.java:45)
	at org.apache.ibatis.reflection.MetaObject.getValue(MetaObject.java:122)
	at org.apache.ibatis.executor.BaseExecutor.createCacheKey(BaseExecutor.java:219)
	at org.apache.ibatis.executor.CachingExecutor.createCacheKey(CachingExecutor.java:146)
	at org.apache.ibatis.executor.CachingExecutor.query(CachingExecutor.java:82)
	at org.apache.ibatis.session.defaults.DefaultSqlSession.selectList(DefaultSqlSession.java:147)
	at org.apache.ibatis.session.defaults.DefaultSqlSession.selectList(DefaultSqlSession.java:140)
	at org.apache.ibatis.session.defaults.DefaultSqlSession.selectOne(DefaultSqlSession.java:76)
	at sun.reflect.NativeMethodAccessorImpl.invoke0(Native Method)
	at sun.reflect.NativeMethodAccessorImpl.invoke(NativeMethodAccessorImpl.java:62)
	at sun.reflect.DelegatingMethodAccessorImpl.invoke(DelegatingMethodAccessorImpl.java:43)
	at java.lang.reflect.Method.invoke(Method.java:498)
	at org.mybatis.spring.SqlSessionTemplate$SqlSessionInterceptor.invoke(SqlSessionTemplate.java:426)
	at com.sun.proxy.$Proxy70.selectOne(Unknown Source)
	at org.mybatis.spring.SqlSessionTemplate.selectOne(SqlSessionTemplate.java:159)
	at org.apache.ibatis.binding.MapperMethod.execute(MapperMethod.java:87)
	at org.apache.ibatis.binding.MapperProxy$PlainMethodInvoker.invoke(MapperProxy.java:144)
	at org.apache.ibatis.binding.MapperProxy.invoke(MapperProxy.java:85)
	at com.sun.proxy.$Proxy74.findByUsernameAndPassword(Unknown Source)
	at sun.reflect.NativeMethodAccessorImpl.invoke0(Native Method)
	at sun.reflect.NativeMethodAccessorImpl.invoke(NativeMethodAccessorImpl.java:62)
	at sun.reflect.DelegatingMethodAccessorImpl.invoke(DelegatingMethodAccessorImpl.java:43)
	at java.lang.reflect.Method.invoke(Method.java:498)
	at org.springframework.aop.support.AopUtils.invokeJoinpointUsingReflection(AopUtils.java:344)
	at org.springframework.aop.framework.ReflectiveMethodInvocation.invokeJoinpoint(ReflectiveMethodInvocation.java:198)
	at org.springframework.aop.framework.ReflectiveMethodInvocation.proceed(ReflectiveMethodInvocation.java:163)
	at org.springframework.dao.support.PersistenceExceptionTranslationInterceptor.invoke(PersistenceExceptionTranslationInterceptor.java:139)
	at org.springframework.aop.framework.ReflectiveMethodInvocation.proceed(ReflectiveMethodInvocation.java:186)
	at org.springframework.aop.framework.JdkDynamicAopProxy.invoke(JdkDynamicAopProxy.java:212)
	at com.sun.proxy.$Proxy75.findByUsernameAndPassword(Unknown Source)
	at com.example.seckill.service.impl.UserService.findByUsernameAndPassword(UserService.java:26)
	at com.example.seckill.controller.LoginController.login_do(LoginController.java:33)
	at sun.reflect.NativeMethodAccessorImpl.invoke0(Native Method)
	at sun.reflect.NativeMethodAccessorImpl.invoke(NativeMethodAccessorImpl.java:62)
	at sun.reflect.DelegatingMethodAccessorImpl.invoke(DelegatingMethodAccessorImpl.java:43)
	at java.lang.reflect.Method.invoke(Method.java:498)
	at org.springframework.web.method.support.InvocableHandlerMethod.doInvoke(InvocableHandlerMethod.java:190)
	at org.springframework.web.method.support.InvocableHandlerMethod.invokeForRequest(InvocableHandlerMethod.java:138)
	at org.springframework.web.servlet.mvc.method.annotation.ServletInvocableHandlerMethod.invokeAndHandle(ServletInvocableHandlerMethod.java:105)
	at org.springframework.web.servlet.mvc.method.annotation.RequestMappingHandlerAdapter.invokeHandlerMethod(RequestMappingHandlerAdapter.java:879)
	at org.springframework.web.servlet.mvc.method.annotation.RequestMappingHandlerAdapter.handleInternal(RequestMappingHandlerAdapter.java:793)
	at org.springframework.web.servlet.mvc.method.AbstractHandlerMethodAdapter.handle(AbstractHandlerMethodAdapter.java:87)
	at org.springframework.web.servlet.DispatcherServlet.doDispatch(DispatcherServlet.java:1040)
	at org.springframework.web.servlet.DispatcherServlet.doService(DispatcherServlet.java:943)
	at org.springframework.web.servlet.FrameworkServlet.processRequest(FrameworkServlet.java:1006)
	at org.springframework.web.servlet.FrameworkServlet.doPost(FrameworkServlet.java:909)
	at javax.servlet.http.HttpServlet.service(HttpServlet.java:660)
	at org.springframework.web.servlet.FrameworkServlet.service(FrameworkServlet.java:883)
	at javax.servlet.http.HttpServlet.service(HttpServlet.java:741)
	at org.apache.catalina.core.ApplicationFilterChain.internalDoFilter(ApplicationFilterChain.java:231)
	at org.apache.catalina.core.ApplicationFilterChain.doFilter(ApplicationFilterChain.java:166)
	at org.apache.tomcat.websocket.server.WsFilter.doFilter(WsFilter.java:53)
	at org.apache.catalina.core.ApplicationFilterChain.internalDoFilter(ApplicationFilterChain.java:193)
	at org.apache.catalina.core.ApplicationFilterChain.doFilter(ApplicationFilterChain.java:166)
	at org.springframework.web.filter.RequestContextFilter.doFilterInternal(RequestContextFilter.java:100)
	at org.springframework.web.filter.OncePerRequestFilter.doFilter(OncePerRequestFilter.java:119)
	at org.apache.catalina.core.ApplicationFilterChain.internalDoFilter(ApplicationFilterChain.java:193)
	at org.apache.catalina.core.ApplicationFilterChain.doFilter(ApplicationFilterChain.java:166)
	at org.springframework.web.filter.FormContentFilter.doFilterInternal(FormContentFilter.java:93)
	at org.springframework.web.filter.OncePerRequestFilter.doFilter(OncePerRequestFilter.java:119)
	at org.apache.catalina.core.ApplicationFilterChain.internalDoFilter(ApplicationFilterChain.java:193)
	at org.apache.catalina.core.ApplicationFilterChain.doFilter(ApplicationFilterChain.java:166)
	at org.springframework.web.filter.CharacterEncodingFilter.doFilterInternal(CharacterEncodingFilter.java:201)
	at org.springframework.web.filter.OncePerRequestFilter.doFilter(OncePerRequestFilter.java:119)
	at org.apache.catalina.core.ApplicationFilterChain.internalDoFilter(ApplicationFilterChain.java:193)
	at org.apache.catalina.core.ApplicationFilterChain.doFilter(ApplicationFilterChain.java:166)
	at org.apache.catalina.core.StandardWrapperValve.invoke(StandardWrapperValve.java:202)
	at org.apache.catalina.core.StandardContextValve.invoke(StandardContextValve.java:96)
	at org.apache.catalina.authenticator.AuthenticatorBase.invoke(AuthenticatorBase.java:541)
	at org.apache.catalina.core.StandardHostValve.invoke(StandardHostValve.java:139)
	at org.apache.catalina.valves.ErrorReportValve.invoke(ErrorReportValve.java:92)
	at org.apache.catalina.core.StandardEngineValve.invoke(StandardEngineValve.java:74)
	at org.apache.catalina.connector.CoyoteAdapter.service(CoyoteAdapter.java:343)
	at org.apache.coyote.http11.Http11Processor.service(Http11Processor.java:373)
	at org.apache.coyote.AbstractProcessorLight.process(AbstractProcessorLight.java:65)
	at org.apache.coyote.AbstractProtocol$ConnectionHandler.process(AbstractProtocol.java:868)
	at org.apache.tomcat.util.net.NioEndpoint$SocketProcessor.doRun(NioEndpoint.java:1590)
	at org.apache.tomcat.util.net.SocketProcessorBase.run(SocketProcessorBase.java:49)
	at java.util.concurrent.ThreadPoolExecutor.runWorker(ThreadPoolExecutor.java:1149)
	at java.util.concurrent.ThreadPoolExecutor$Worker.run(ThreadPoolExecutor.java:624)
	at org.apache.tomcat.util.threads.TaskThread$WrappingRunnable.run(TaskThread.java:61)
	at java.lang.Thread.run(Thread.java:748)
2020-05-10 14:22:34.650 [ http-nio-8080-exec-2 ] - [ ERROR ] [ o.a.c.c.C.[.[localhost].[/].[dispatcherServlet] : 175 ] - Servlet.service() for servlet [dispatcherServlet] in context with path [] threw exception [Request processing failed; nested exception is org.mybatis.spring.MyBatisSystemException: nested exception is org.apache.ibatis.binding.BindingException: Parameter 'username' not found. Available parameters are [arg1, arg0, param1, param2]] with root cause
org.apache.ibatis.binding.BindingException: Parameter 'username' not found. Available parameters are [arg1, arg0, param1, param2]
	at org.apache.ibatis.binding.MapperMethod$ParamMap.get(MapperMethod.java:212)
	at org.apache.ibatis.reflection.wrapper.MapWrapper.get(MapWrapper.java:45)
	at org.apache.ibatis.reflection.MetaObject.getValue(MetaObject.java:122)
	at org.apache.ibatis.executor.BaseExecutor.createCacheKey(BaseExecutor.java:219)
	at org.apache.ibatis.executor.CachingExecutor.createCacheKey(CachingExecutor.java:146)
	at org.apache.ibatis.executor.CachingExecutor.query(CachingExecutor.java:82)
	at org.apache.ibatis.session.defaults.DefaultSqlSession.selectList(DefaultSqlSession.java:147)
	at org.apache.ibatis.session.defaults.DefaultSqlSession.selectList(DefaultSqlSession.java:140)
	at org.apache.ibatis.session.defaults.DefaultSqlSession.selectOne(DefaultSqlSession.java:76)
	at sun.reflect.NativeMethodAccessorImpl.invoke0(Native Method)
	at sun.reflect.NativeMethodAccessorImpl.invoke(NativeMethodAccessorImpl.java:62)
	at sun.reflect.DelegatingMethodAccessorImpl.invoke(DelegatingMethodAccessorImpl.java:43)
	at java.lang.reflect.Method.invoke(Method.java:498)
	at org.mybatis.spring.SqlSessionTemplate$SqlSessionInterceptor.invoke(SqlSessionTemplate.java:426)
	at com.sun.proxy.$Proxy70.selectOne(Unknown Source)
	at org.mybatis.spring.SqlSessionTemplate.selectOne(SqlSessionTemplate.java:159)
	at org.apache.ibatis.binding.MapperMethod.execute(MapperMethod.java:87)
	at org.apache.ibatis.binding.MapperProxy$PlainMethodInvoker.invoke(MapperProxy.java:144)
	at org.apache.ibatis.binding.MapperProxy.invoke(MapperProxy.java:85)
	at com.sun.proxy.$Proxy74.findByUsernameAndPassword(Unknown Source)
	at sun.reflect.NativeMethodAccessorImpl.invoke0(Native Method)
	at sun.reflect.NativeMethodAccessorImpl.invoke(NativeMethodAccessorImpl.java:62)
	at sun.reflect.DelegatingMethodAccessorImpl.invoke(DelegatingMethodAccessorImpl.java:43)
	at java.lang.reflect.Method.invoke(Method.java:498)
	at org.springframework.aop.support.AopUtils.invokeJoinpointUsingReflection(AopUtils.java:344)
	at org.springframework.aop.framework.ReflectiveMethodInvocation.invokeJoinpoint(ReflectiveMethodInvocation.java:198)
	at org.springframework.aop.framework.ReflectiveMethodInvocation.proceed(ReflectiveMethodInvocation.java:163)
	at org.springframework.dao.support.PersistenceExceptionTranslationInterceptor.invoke(PersistenceExceptionTranslationInterceptor.java:139)
	at org.springframework.aop.framework.ReflectiveMethodInvocation.proceed(ReflectiveMethodInvocation.java:186)
	at org.springframework.aop.framework.JdkDynamicAopProxy.invoke(JdkDynamicAopProxy.java:212)
	at com.sun.proxy.$Proxy75.findByUsernameAndPassword(Unknown Source)
	at com.example.seckill.service.impl.UserService.findByUsernameAndPassword(UserService.java:26)
	at com.example.seckill.controller.LoginController.login_do(LoginController.java:33)
	at sun.reflect.NativeMethodAccessorImpl.invoke0(Native Method)
	at sun.reflect.NativeMethodAccessorImpl.invoke(NativeMethodAccessorImpl.java:62)
	at sun.reflect.DelegatingMethodAccessorImpl.invoke(DelegatingMethodAccessorImpl.java:43)
	at java.lang.reflect.Method.invoke(Method.java:498)
	at org.springframework.web.method.support.InvocableHandlerMethod.doInvoke(InvocableHandlerMethod.java:190)
	at org.springframework.web.method.support.InvocableHandlerMethod.invokeForRequest(InvocableHandlerMethod.java:138)
	at org.springframework.web.servlet.mvc.method.annotation.ServletInvocableHandlerMethod.invokeAndHandle(ServletInvocableHandlerMethod.java:105)
	at org.springframework.web.servlet.mvc.method.annotation.RequestMappingHandlerAdapter.invokeHandlerMethod(RequestMappingHandlerAdapter.java:879)
	at org.springframework.web.servlet.mvc.method.annotation.RequestMappingHandlerAdapter.handleInternal(RequestMappingHandlerAdapter.java:793)
	at org.springframework.web.servlet.mvc.method.AbstractHandlerMethodAdapter.handle(AbstractHandlerMethodAdapter.java:87)
	at org.springframework.web.servlet.DispatcherServlet.doDispatch(DispatcherServlet.java:1040)
	at org.springframework.web.servlet.DispatcherServlet.doService(DispatcherServlet.java:943)
	at org.springframework.web.servlet.FrameworkServlet.processRequest(FrameworkServlet.java:1006)
	at org.springframework.web.servlet.FrameworkServlet.doPost(FrameworkServlet.java:909)
	at javax.servlet.http.HttpServlet.service(HttpServlet.java:660)
	at org.springframework.web.servlet.FrameworkServlet.service(FrameworkServlet.java:883)
	at javax.servlet.http.HttpServlet.service(HttpServlet.java:741)
	at org.apache.catalina.core.ApplicationFilterChain.internalDoFilter(ApplicationFilterChain.java:231)
	at org.apache.catalina.core.ApplicationFilterChain.doFilter(ApplicationFilterChain.java:166)
	at org.apache.tomcat.websocket.server.WsFilter.doFilter(WsFilter.java:53)
	at org.apache.catalina.core.ApplicationFilterChain.internalDoFilter(ApplicationFilterChain.java:193)
	at org.apache.catalina.core.ApplicationFilterChain.doFilter(ApplicationFilterChain.java:166)
	at org.springframework.web.filter.RequestContextFilter.doFilterInternal(RequestContextFilter.java:100)
	at org.springframework.web.filter.OncePerRequestFilter.doFilter(OncePerRequestFilter.java:119)
	at org.apache.catalina.core.ApplicationFilterChain.internalDoFilter(ApplicationFilterChain.java:193)
	at org.apache.catalina.core.ApplicationFilterChain.doFilter(ApplicationFilterChain.java:166)
	at org.springframework.web.filter.FormContentFilter.doFilterInternal(FormContentFilter.java:93)
	at org.springframework.web.filter.OncePerRequestFilter.doFilter(OncePerRequestFilter.java:119)
	at org.apache.catalina.core.ApplicationFilterChain.internalDoFilter(ApplicationFilterChain.java:193)
	at org.apache.catalina.core.ApplicationFilterChain.doFilter(ApplicationFilterChain.java:166)
	at org.springframework.web.filter.CharacterEncodingFilter.doFilterInternal(CharacterEncodingFilter.java:201)
	at org.springframework.web.filter.OncePerRequestFilter.doFilter(OncePerRequestFilter.java:119)
	at org.apache.catalina.core.ApplicationFilterChain.internalDoFilter(ApplicationFilterChain.java:193)
	at org.apache.catalina.core.ApplicationFilterChain.doFilter(ApplicationFilterChain.java:166)
	at org.apache.catalina.core.StandardWrapperValve.invoke(StandardWrapperValve.java:202)
	at org.apache.catalina.core.StandardContextValve.invoke(StandardContextValve.java:96)
	at org.apache.catalina.authenticator.AuthenticatorBase.invoke(AuthenticatorBase.java:541)
	at org.apache.catalina.core.StandardHostValve.invoke(StandardHostValve.java:139)
	at org.apache.catalina.valves.ErrorReportValve.invoke(ErrorReportValve.java:92)
	at org.apache.catalina.core.StandardEngineValve.invoke(StandardEngineValve.java:74)
	at org.apache.catalina.connector.CoyoteAdapter.service(CoyoteAdapter.java:343)
	at org.apache.coyote.http11.Http11Processor.service(Http11Processor.java:373)
	at org.apache.coyote.AbstractProcessorLight.process(AbstractProcessorLight.java:65)
	at org.apache.coyote.AbstractProtocol$ConnectionHandler.process(AbstractProtocol.java:868)
	at org.apache.tomcat.util.net.NioEndpoint$SocketProcessor.doRun(NioEndpoint.java:1590)
	at org.apache.tomcat.util.net.SocketProcessorBase.run(SocketProcessorBase.java:49)
	at java.util.concurrent.ThreadPoolExecutor.runWorker(ThreadPoolExecutor.java:1149)
	at java.util.concurrent.ThreadPoolExecutor$Worker.run(ThreadPoolExecutor.java:624)
	at org.apache.tomcat.util.threads.TaskThread$WrappingRunnable.run(TaskThread.java:61)
	at java.lang.Thread.run(Thread.java:748)
2020-05-10 14:25:46.511 [ restartedMain ] - [ INFO  ] [ com.example.seckill.SeckillApplication : 55 ] - Starting SeckillApplication on panyibiaodeMacBook-Air.local with PID 5851 (/Users/panyibiao/IdeaProjects/seckill/target/classes started by panyibiao in /Users/panyibiao/IdeaProjects/seckill)
2020-05-10 14:25:46.517 [ restartedMain ] - [ INFO  ] [ com.example.seckill.SeckillApplication : 651 ] - No active profile set, falling back to default profiles: default
2020-05-10 14:25:48.628 [ restartedMain ] - [ INFO  ] [ org.apache.coyote.http11.Http11NioProtocol : 173 ] - Initializing ProtocolHandler ["http-nio-8080"]
2020-05-10 14:25:48.629 [ restartedMain ] - [ INFO  ] [ org.apache.catalina.core.StandardService : 173 ] - Starting service [Tomcat]
2020-05-10 14:25:48.630 [ restartedMain ] - [ INFO  ] [ org.apache.catalina.core.StandardEngine : 173 ] - Starting Servlet engine: [Apache Tomcat/9.0.34]
2020-05-10 14:25:48.720 [ restartedMain ] - [ INFO  ] [ o.a.c.core.ContainerBase.[Tomcat].[localhost].[/] : 173 ] - Initializing Spring embedded WebApplicationContext
2020-05-10 14:25:50.052 [ restartedMain ] - [ INFO  ] [ org.apache.coyote.http11.Http11NioProtocol : 173 ] - Starting ProtocolHandler ["http-nio-8080"]
2020-05-10 14:25:50.103 [ restartedMain ] - [ INFO  ] [ com.example.seckill.SeckillApplication : 61 ] - Started SeckillApplication in 4.65 seconds (JVM running for 6.143)
2020-05-10 14:25:59.642 [ http-nio-8080-exec-1 ] - [ INFO  ] [ o.a.c.core.ContainerBase.[Tomcat].[localhost].[/] : 173 ] - Initializing Spring DispatcherServlet 'dispatcherServlet'
2020-05-10 14:26:02.906 [ http-nio-8080-exec-4 ] - [ INFO  ] [ com.alibaba.druid.pool.DruidDataSource : 922 ] - {dataSource-1} inited
2020-05-10 21:40:09.770 [ SpringContextShutdownHook ] - [ INFO  ] [ com.alibaba.druid.pool.DruidDataSource : 1817 ] - {dataSource-1} closed
2020-05-10 21:40:16.877 [ restartedMain ] - [ INFO  ] [ com.example.seckill.SeckillApplication : 55 ] - Starting SeckillApplication on panyibiaodeMacBook-Air.local with PID 6267 (/Users/panyibiao/IdeaProjects/seckill/target/classes started by panyibiao in /Users/panyibiao/IdeaProjects/seckill)
2020-05-10 21:40:16.886 [ restartedMain ] - [ INFO  ] [ com.example.seckill.SeckillApplication : 651 ] - No active profile set, falling back to default profiles: default
2020-05-10 21:40:19.107 [ restartedMain ] - [ INFO  ] [ org.apache.coyote.http11.Http11NioProtocol : 173 ] - Initializing ProtocolHandler ["http-nio-8080"]
2020-05-10 21:40:19.109 [ restartedMain ] - [ INFO  ] [ org.apache.catalina.core.StandardService : 173 ] - Starting service [Tomcat]
2020-05-10 21:40:19.109 [ restartedMain ] - [ INFO  ] [ org.apache.catalina.core.StandardEngine : 173 ] - Starting Servlet engine: [Apache Tomcat/9.0.34]
2020-05-10 21:40:19.203 [ restartedMain ] - [ INFO  ] [ o.a.c.core.ContainerBase.[Tomcat].[localhost].[/] : 173 ] - Initializing Spring embedded WebApplicationContext
2020-05-10 21:40:20.610 [ restartedMain ] - [ INFO  ] [ org.apache.coyote.http11.Http11NioProtocol : 173 ] - Starting ProtocolHandler ["http-nio-8080"]
2020-05-10 21:40:20.659 [ restartedMain ] - [ INFO  ] [ com.example.seckill.SeckillApplication : 61 ] - Started SeckillApplication in 4.643 seconds (JVM running for 6.235)
2020-05-10 21:40:30.988 [ http-nio-8080-exec-1 ] - [ INFO  ] [ o.a.c.core.ContainerBase.[Tomcat].[localhost].[/] : 173 ] - Initializing Spring DispatcherServlet 'dispatcherServlet'
2020-05-10 21:48:10.132 [ http-nio-8080-exec-1 ] - [ INFO  ] [ com.alibaba.druid.pool.DruidDataSource : 922 ] - {dataSource-1} inited
2020-05-10 22:05:06.964 [ Thread-16 ] - [ INFO  ] [ com.alibaba.druid.pool.DruidDataSource : 1817 ] - {dataSource-1} closed
2020-05-10 22:05:07.983 [ restartedMain ] - [ INFO  ] [ com.example.seckill.SeckillApplication : 55 ] - Starting SeckillApplication on panyibiaodeMacBook-Air.local with PID 6267 (/Users/panyibiao/IdeaProjects/seckill/target/classes started by panyibiao in /Users/panyibiao/IdeaProjects/seckill)
2020-05-10 22:05:07.984 [ restartedMain ] - [ INFO  ] [ com.example.seckill.SeckillApplication : 651 ] - No active profile set, falling back to default profiles: default
2020-05-10 22:05:09.138 [ restartedMain ] - [ INFO  ] [ org.apache.coyote.http11.Http11NioProtocol : 173 ] - Initializing ProtocolHandler ["http-nio-8080"]
2020-05-10 22:05:09.139 [ restartedMain ] - [ INFO  ] [ org.apache.catalina.core.StandardService : 173 ] - Starting service [Tomcat]
2020-05-10 22:05:09.139 [ restartedMain ] - [ INFO  ] [ org.apache.catalina.core.StandardEngine : 173 ] - Starting Servlet engine: [Apache Tomcat/9.0.34]
2020-05-10 22:05:09.156 [ restartedMain ] - [ INFO  ] [ o.a.c.core.ContainerBase.[Tomcat].[localhost].[/] : 173 ] - Initializing Spring embedded WebApplicationContext
2020-05-10 22:05:09.177 [ restartedMain ] - [ INFO  ] [ org.apache.catalina.core.StandardService : 173 ] - Stopping service [Tomcat]
2020-05-10 22:05:19.858 [ restartedMain ] - [ INFO  ] [ com.example.seckill.SeckillApplication : 55 ] - Starting SeckillApplication on panyibiaodeMacBook-Air.local with PID 6300 (/Users/panyibiao/IdeaProjects/seckill/target/classes started by panyibiao in /Users/panyibiao/IdeaProjects/seckill)
2020-05-10 22:05:19.866 [ restartedMain ] - [ INFO  ] [ com.example.seckill.SeckillApplication : 651 ] - No active profile set, falling back to default profiles: default
2020-05-10 22:05:21.755 [ restartedMain ] - [ INFO  ] [ org.apache.coyote.http11.Http11NioProtocol : 173 ] - Initializing ProtocolHandler ["http-nio-8080"]
2020-05-10 22:05:21.756 [ restartedMain ] - [ INFO  ] [ org.apache.catalina.core.StandardService : 173 ] - Starting service [Tomcat]
2020-05-10 22:05:21.756 [ restartedMain ] - [ INFO  ] [ org.apache.catalina.core.StandardEngine : 173 ] - Starting Servlet engine: [Apache Tomcat/9.0.34]
2020-05-10 22:05:21.834 [ restartedMain ] - [ INFO  ] [ o.a.c.core.ContainerBase.[Tomcat].[localhost].[/] : 173 ] - Initializing Spring embedded WebApplicationContext
2020-05-10 22:05:23.202 [ restartedMain ] - [ INFO  ] [ org.apache.coyote.http11.Http11NioProtocol : 173 ] - Starting ProtocolHandler ["http-nio-8080"]
2020-05-10 22:05:23.246 [ restartedMain ] - [ INFO  ] [ com.example.seckill.SeckillApplication : 61 ] - Started SeckillApplication in 4.506 seconds (JVM running for 6.532)
2020-05-10 22:05:43.238 [ http-nio-8080-exec-1 ] - [ INFO  ] [ o.a.c.core.ContainerBase.[Tomcat].[localhost].[/] : 173 ] - Initializing Spring DispatcherServlet 'dispatcherServlet'
2020-05-10 22:07:20.654 [ restartedMain ] - [ INFO  ] [ com.example.seckill.SeckillApplication : 55 ] - Starting SeckillApplication on panyibiaodeMacBook-Air.local with PID 6300 (/Users/panyibiao/IdeaProjects/seckill/target/classes started by panyibiao in /Users/panyibiao/IdeaProjects/seckill)
2020-05-10 22:07:20.656 [ restartedMain ] - [ INFO  ] [ com.example.seckill.SeckillApplication : 651 ] - No active profile set, falling back to default profiles: default
2020-05-10 22:07:21.313 [ restartedMain ] - [ INFO  ] [ org.apache.coyote.http11.Http11NioProtocol : 173 ] - Initializing ProtocolHandler ["http-nio-8080"]
2020-05-10 22:07:21.315 [ restartedMain ] - [ INFO  ] [ org.apache.catalina.core.StandardService : 173 ] - Starting service [Tomcat]
2020-05-10 22:07:21.316 [ restartedMain ] - [ INFO  ] [ org.apache.catalina.core.StandardEngine : 173 ] - Starting Servlet engine: [Apache Tomcat/9.0.34]
2020-05-10 22:07:21.343 [ restartedMain ] - [ INFO  ] [ o.a.c.core.ContainerBase.[Tomcat].[localhost].[/] : 173 ] - Initializing Spring embedded WebApplicationContext
2020-05-10 22:07:21.964 [ restartedMain ] - [ INFO  ] [ org.apache.coyote.http11.Http11NioProtocol : 173 ] - Starting ProtocolHandler ["http-nio-8080"]
2020-05-10 22:07:21.970 [ restartedMain ] - [ INFO  ] [ com.example.seckill.SeckillApplication : 61 ] - Started SeckillApplication in 1.539 seconds (JVM running for 125.253)
2020-05-10 22:07:28.331 [ http-nio-8080-exec-1 ] - [ INFO  ] [ o.a.c.core.ContainerBase.[Tomcat].[localhost].[/] : 173 ] - Initializing Spring DispatcherServlet 'dispatcherServlet'
2020-05-10 22:10:07.140 [ restartedMain ] - [ INFO  ] [ com.example.seckill.SeckillApplication : 55 ] - Starting SeckillApplication on panyibiaodeMacBook-Air.local with PID 6307 (/Users/panyibiao/IdeaProjects/seckill/target/classes started by panyibiao in /Users/panyibiao/IdeaProjects/seckill)
2020-05-10 22:10:07.148 [ restartedMain ] - [ INFO  ] [ com.example.seckill.SeckillApplication : 651 ] - No active profile set, falling back to default profiles: default
2020-05-10 22:10:08.882 [ restartedMain ] - [ INFO  ] [ org.apache.coyote.http11.Http11NioProtocol : 173 ] - Initializing ProtocolHandler ["http-nio-8080"]
2020-05-10 22:10:08.883 [ restartedMain ] - [ INFO  ] [ org.apache.catalina.core.StandardService : 173 ] - Starting service [Tomcat]
2020-05-10 22:10:08.884 [ restartedMain ] - [ INFO  ] [ org.apache.catalina.core.StandardEngine : 173 ] - Starting Servlet engine: [Apache Tomcat/9.0.34]
2020-05-10 22:10:08.956 [ restartedMain ] - [ INFO  ] [ o.a.c.core.ContainerBase.[Tomcat].[localhost].[/] : 173 ] - Initializing Spring embedded WebApplicationContext
2020-05-10 22:10:10.143 [ restartedMain ] - [ INFO  ] [ org.apache.coyote.http11.Http11NioProtocol : 173 ] - Starting ProtocolHandler ["http-nio-8080"]
2020-05-10 22:10:10.197 [ restartedMain ] - [ INFO  ] [ com.example.seckill.SeckillApplication : 61 ] - Started SeckillApplication in 3.93 seconds (JVM running for 5.252)
2020-05-10 22:10:28.700 [ http-nio-8080-exec-1 ] - [ INFO  ] [ o.a.c.core.ContainerBase.[Tomcat].[localhost].[/] : 173 ] - Initializing Spring DispatcherServlet 'dispatcherServlet'
2020-05-10 22:12:36.279 [ restartedMain ] - [ INFO  ] [ com.example.seckill.SeckillApplication : 55 ] - Starting SeckillApplication on panyibiaodeMacBook-Air.local with PID 6307 (/Users/panyibiao/IdeaProjects/seckill/target/classes started by panyibiao in /Users/panyibiao/IdeaProjects/seckill)
2020-05-10 22:12:36.282 [ restartedMain ] - [ INFO  ] [ com.example.seckill.SeckillApplication : 651 ] - No active profile set, falling back to default profiles: default
2020-05-10 22:12:37.011 [ restartedMain ] - [ INFO  ] [ org.apache.coyote.http11.Http11NioProtocol : 173 ] - Initializing ProtocolHandler ["http-nio-8080"]
2020-05-10 22:12:37.011 [ restartedMain ] - [ INFO  ] [ org.apache.catalina.core.StandardService : 173 ] - Starting service [Tomcat]
2020-05-10 22:12:37.012 [ restartedMain ] - [ INFO  ] [ org.apache.catalina.core.StandardEngine : 173 ] - Starting Servlet engine: [Apache Tomcat/9.0.34]
2020-05-10 22:12:37.045 [ restartedMain ] - [ INFO  ] [ o.a.c.core.ContainerBase.[Tomcat].[localhost].[/] : 173 ] - Initializing Spring embedded WebApplicationContext
2020-05-10 22:12:37.630 [ restartedMain ] - [ INFO  ] [ org.apache.coyote.http11.Http11NioProtocol : 173 ] - Starting ProtocolHandler ["http-nio-8080"]
2020-05-10 22:12:37.634 [ restartedMain ] - [ INFO  ] [ com.example.seckill.SeckillApplication : 61 ] - Started SeckillApplication in 1.443 seconds (JVM running for 152.685)
2020-05-10 22:13:18.309 [ http-nio-8080-exec-1 ] - [ INFO  ] [ o.a.c.core.ContainerBase.[Tomcat].[localhost].[/] : 173 ] - Initializing Spring DispatcherServlet 'dispatcherServlet'
2020-05-10 22:16:55.537 [ restartedMain ] - [ INFO  ] [ com.example.seckill.SeckillApplication : 55 ] - Starting SeckillApplication on panyibiaodeMacBook-Air.local with PID 6314 (/Users/panyibiao/IdeaProjects/seckill/target/classes started by panyibiao in /Users/panyibiao/IdeaProjects/seckill)
2020-05-10 22:16:55.542 [ restartedMain ] - [ INFO  ] [ com.example.seckill.SeckillApplication : 651 ] - No active profile set, falling back to default profiles: default
2020-05-10 22:16:57.780 [ restartedMain ] - [ INFO  ] [ org.apache.coyote.http11.Http11NioProtocol : 173 ] - Initializing ProtocolHandler ["http-nio-8080"]
2020-05-10 22:16:57.781 [ restartedMain ] - [ INFO  ] [ org.apache.catalina.core.StandardService : 173 ] - Starting service [Tomcat]
2020-05-10 22:16:57.783 [ restartedMain ] - [ INFO  ] [ org.apache.catalina.core.StandardEngine : 173 ] - Starting Servlet engine: [Apache Tomcat/9.0.34]
2020-05-10 22:16:57.879 [ restartedMain ] - [ INFO  ] [ o.a.c.core.ContainerBase.[Tomcat].[localhost].[/] : 173 ] - Initializing Spring embedded WebApplicationContext
2020-05-10 22:16:59.109 [ restartedMain ] - [ INFO  ] [ org.apache.coyote.http11.Http11NioProtocol : 173 ] - Starting ProtocolHandler ["http-nio-8080"]
2020-05-10 22:16:59.172 [ restartedMain ] - [ INFO  ] [ com.example.seckill.SeckillApplication : 61 ] - Started SeckillApplication in 5.397 seconds (JVM running for 6.903)
2020-05-10 22:17:04.924 [ http-nio-8080-exec-1 ] - [ INFO  ] [ o.a.c.core.ContainerBase.[Tomcat].[localhost].[/] : 173 ] - Initializing Spring DispatcherServlet 'dispatcherServlet'
2020-05-10 22:17:11.543 [ http-nio-8080-exec-7 ] - [ INFO  ] [ com.alibaba.druid.pool.DruidDataSource : 922 ] - {dataSource-1} inited
2020-05-10 22:18:02.442 [ Thread-18 ] - [ INFO  ] [ com.alibaba.druid.pool.DruidDataSource : 1817 ] - {dataSource-1} closed
2020-05-10 22:18:02.771 [ restartedMain ] - [ INFO  ] [ com.example.seckill.SeckillApplication : 55 ] - Starting SeckillApplication on panyibiaodeMacBook-Air.local with PID 6314 (/Users/panyibiao/IdeaProjects/seckill/target/classes started by panyibiao in /Users/panyibiao/IdeaProjects/seckill)
2020-05-10 22:18:02.771 [ restartedMain ] - [ INFO  ] [ com.example.seckill.SeckillApplication : 651 ] - No active profile set, falling back to default profiles: default
2020-05-10 22:18:03.272 [ restartedMain ] - [ INFO  ] [ org.apache.coyote.http11.Http11NioProtocol : 173 ] - Initializing ProtocolHandler ["http-nio-8080"]
2020-05-10 22:18:03.273 [ restartedMain ] - [ INFO  ] [ org.apache.catalina.core.StandardService : 173 ] - Starting service [Tomcat]
2020-05-10 22:18:03.274 [ restartedMain ] - [ INFO  ] [ org.apache.catalina.core.StandardEngine : 173 ] - Starting Servlet engine: [Apache Tomcat/9.0.34]
2020-05-10 22:18:03.287 [ restartedMain ] - [ INFO  ] [ o.a.c.core.ContainerBase.[Tomcat].[localhost].[/] : 173 ] - Initializing Spring embedded WebApplicationContext
2020-05-10 22:18:03.727 [ restartedMain ] - [ INFO  ] [ org.apache.coyote.http11.Http11NioProtocol : 173 ] - Starting ProtocolHandler ["http-nio-8080"]
2020-05-10 22:18:03.732 [ restartedMain ] - [ INFO  ] [ com.example.seckill.SeckillApplication : 61 ] - Started SeckillApplication in 1.013 seconds (JVM running for 71.459)
2020-05-10 22:18:10.744 [ http-nio-8080-exec-1 ] - [ INFO  ] [ o.a.c.core.ContainerBase.[Tomcat].[localhost].[/] : 173 ] - Initializing Spring DispatcherServlet 'dispatcherServlet'
2020-05-10 22:18:24.099 [ http-nio-8080-exec-4 ] - [ INFO  ] [ com.alibaba.druid.pool.DruidDataSource : 922 ] - {dataSource-2} inited
2020-05-10 22:22:27.238 [ SpringContextShutdownHook ] - [ INFO  ] [ com.alibaba.druid.pool.DruidDataSource : 1817 ] - {dataSource-2} closed
2020-05-10 22:22:35.451 [ restartedMain ] - [ INFO  ] [ com.example.seckill.SeckillApplication : 55 ] - Starting SeckillApplication on panyibiaodeMacBook-Air.local with PID 6322 (/Users/panyibiao/IdeaProjects/seckill/target/classes started by panyibiao in /Users/panyibiao/IdeaProjects/seckill)
2020-05-10 22:22:35.459 [ restartedMain ] - [ INFO  ] [ com.example.seckill.SeckillApplication : 651 ] - No active profile set, falling back to default profiles: default
2020-05-10 22:22:39.042 [ restartedMain ] - [ INFO  ] [ org.apache.coyote.http11.Http11NioProtocol : 173 ] - Initializing ProtocolHandler ["http-nio-8080"]
2020-05-10 22:22:39.043 [ restartedMain ] - [ INFO  ] [ org.apache.catalina.core.StandardService : 173 ] - Starting service [Tomcat]
2020-05-10 22:22:39.044 [ restartedMain ] - [ INFO  ] [ org.apache.catalina.core.StandardEngine : 173 ] - Starting Servlet engine: [Apache Tomcat/9.0.34]
2020-05-10 22:22:39.133 [ restartedMain ] - [ INFO  ] [ o.a.c.core.ContainerBase.[Tomcat].[localhost].[/] : 173 ] - Initializing Spring embedded WebApplicationContext
2020-05-10 22:22:40.253 [ restartedMain ] - [ INFO  ] [ org.apache.coyote.http11.Http11NioProtocol : 173 ] - Starting ProtocolHandler ["http-nio-8080"]
2020-05-10 22:22:40.299 [ restartedMain ] - [ INFO  ] [ com.example.seckill.SeckillApplication : 61 ] - Started SeckillApplication in 6.26 seconds (JVM running for 8.917)
2020-05-10 22:22:51.579 [ http-nio-8080-exec-1 ] - [ INFO  ] [ o.a.c.core.ContainerBase.[Tomcat].[localhost].[/] : 173 ] - Initializing Spring DispatcherServlet 'dispatcherServlet'
2020-05-10 22:22:59.393 [ http-nio-8080-exec-4 ] - [ INFO  ] [ com.alibaba.druid.pool.DruidDataSource : 922 ] - {dataSource-1} inited
2020-05-10 22:23:25.438 [ SpringContextShutdownHook ] - [ INFO  ] [ com.alibaba.druid.pool.DruidDataSource : 1817 ] - {dataSource-1} closed
2020-05-10 22:23:34.843 [ restartedMain ] - [ INFO  ] [ com.example.seckill.SeckillApplication : 55 ] - Starting SeckillApplication on panyibiaodeMacBook-Air.local with PID 6328 (/Users/panyibiao/IdeaProjects/seckill/target/classes started by panyibiao in /Users/panyibiao/IdeaProjects/seckill)
2020-05-10 22:23:34.849 [ restartedMain ] - [ INFO  ] [ com.example.seckill.SeckillApplication : 651 ] - No active profile set, falling back to default profiles: default
2020-05-10 22:23:37.025 [ restartedMain ] - [ INFO  ] [ org.apache.coyote.http11.Http11NioProtocol : 173 ] - Initializing ProtocolHandler ["http-nio-8080"]
2020-05-10 22:23:37.026 [ restartedMain ] - [ INFO  ] [ org.apache.catalina.core.StandardService : 173 ] - Starting service [Tomcat]
2020-05-10 22:23:37.026 [ restartedMain ] - [ INFO  ] [ org.apache.catalina.core.StandardEngine : 173 ] - Starting Servlet engine: [Apache Tomcat/9.0.34]
2020-05-10 22:23:37.115 [ restartedMain ] - [ INFO  ] [ o.a.c.core.ContainerBase.[Tomcat].[localhost].[/] : 173 ] - Initializing Spring embedded WebApplicationContext
2020-05-10 22:23:38.240 [ restartedMain ] - [ INFO  ] [ org.apache.coyote.http11.Http11NioProtocol : 173 ] - Starting ProtocolHandler ["http-nio-8080"]
2020-05-10 22:23:38.289 [ restartedMain ] - [ INFO  ] [ com.example.seckill.SeckillApplication : 61 ] - Started SeckillApplication in 4.863 seconds (JVM running for 7.129)
2020-05-10 22:23:44.289 [ http-nio-8080-exec-1 ] - [ INFO  ] [ o.a.c.core.ContainerBase.[Tomcat].[localhost].[/] : 173 ] - Initializing Spring DispatcherServlet 'dispatcherServlet'
2020-05-10 22:23:51.247 [ http-nio-8080-exec-6 ] - [ INFO  ] [ com.alibaba.druid.pool.DruidDataSource : 922 ] - {dataSource-1} inited
2020-05-10 22:30:28.762 [ SpringContextShutdownHook ] - [ INFO  ] [ com.alibaba.druid.pool.DruidDataSource : 1817 ] - {dataSource-1} closed
2020-05-10 22:30:34.028 [ restartedMain ] - [ INFO  ] [ com.example.seckill.SeckillApplication : 55 ] - Starting SeckillApplication on panyibiaodeMacBook-Air.local with PID 6415 (/Users/panyibiao/IdeaProjects/seckill/target/classes started by panyibiao in /Users/panyibiao/IdeaProjects/seckill)
2020-05-10 22:30:34.034 [ restartedMain ] - [ INFO  ] [ com.example.seckill.SeckillApplication : 651 ] - No active profile set, falling back to default profiles: default
2020-05-10 22:30:35.933 [ restartedMain ] - [ INFO  ] [ org.apache.coyote.http11.Http11NioProtocol : 173 ] - Initializing ProtocolHandler ["http-nio-8080"]
2020-05-10 22:30:35.934 [ restartedMain ] - [ INFO  ] [ org.apache.catalina.core.StandardService : 173 ] - Starting service [Tomcat]
2020-05-10 22:30:35.934 [ restartedMain ] - [ INFO  ] [ org.apache.catalina.core.StandardEngine : 173 ] - Starting Servlet engine: [Apache Tomcat/9.0.34]
2020-05-10 22:30:36.026 [ restartedMain ] - [ INFO  ] [ o.a.c.core.ContainerBase.[Tomcat].[localhost].[/] : 173 ] - Initializing Spring embedded WebApplicationContext
2020-05-10 22:30:37.238 [ restartedMain ] - [ INFO  ] [ org.apache.coyote.http11.Http11NioProtocol : 173 ] - Starting ProtocolHandler ["http-nio-8080"]
2020-05-10 22:30:37.302 [ restartedMain ] - [ INFO  ] [ com.example.seckill.SeckillApplication : 61 ] - Started SeckillApplication in 4.128 seconds (JVM running for 5.523)
2020-05-10 22:30:45.690 [ http-nio-8080-exec-1 ] - [ INFO  ] [ o.a.c.core.ContainerBase.[Tomcat].[localhost].[/] : 173 ] - Initializing Spring DispatcherServlet 'dispatcherServlet'
2020-05-10 23:05:29.595 [ restartedMain ] - [ INFO  ] [ com.example.seckill.SeckillApplication : 55 ] - Starting SeckillApplication on panyibiaodeMacBook-Air.local with PID 6463 (/Users/panyibiao/IdeaProjects/seckill/target/classes started by panyibiao in /Users/panyibiao/IdeaProjects/seckill)
2020-05-10 23:05:29.603 [ restartedMain ] - [ INFO  ] [ com.example.seckill.SeckillApplication : 651 ] - No active profile set, falling back to default profiles: default
2020-05-10 23:05:31.947 [ restartedMain ] - [ INFO  ] [ org.apache.coyote.http11.Http11NioProtocol : 173 ] - Initializing ProtocolHandler ["http-nio-8080"]
2020-05-10 23:05:31.948 [ restartedMain ] - [ INFO  ] [ org.apache.catalina.core.StandardService : 173 ] - Starting service [Tomcat]
2020-05-10 23:05:31.949 [ restartedMain ] - [ INFO  ] [ org.apache.catalina.core.StandardEngine : 173 ] - Starting Servlet engine: [Apache Tomcat/9.0.34]
2020-05-10 23:05:32.063 [ restartedMain ] - [ INFO  ] [ o.a.c.core.ContainerBase.[Tomcat].[localhost].[/] : 173 ] - Initializing Spring embedded WebApplicationContext
2020-05-10 23:05:33.345 [ restartedMain ] - [ INFO  ] [ org.apache.coyote.http11.Http11NioProtocol : 173 ] - Starting ProtocolHandler ["http-nio-8080"]
2020-05-10 23:05:33.400 [ restartedMain ] - [ INFO  ] [ com.example.seckill.SeckillApplication : 61 ] - Started SeckillApplication in 4.986 seconds (JVM running for 6.861)
2020-05-10 23:06:18.403 [ restartedMain ] - [ INFO  ] [ com.example.seckill.SeckillApplication : 55 ] - Starting SeckillApplication on panyibiaodeMacBook-Air.local with PID 6466 (/Users/panyibiao/IdeaProjects/seckill/target/classes started by panyibiao in /Users/panyibiao/IdeaProjects/seckill)
2020-05-10 23:06:18.410 [ restartedMain ] - [ INFO  ] [ com.example.seckill.SeckillApplication : 651 ] - No active profile set, falling back to default profiles: default
2020-05-10 23:06:20.601 [ restartedMain ] - [ INFO  ] [ org.apache.coyote.http11.Http11NioProtocol : 173 ] - Initializing ProtocolHandler ["http-nio-8080"]
2020-05-10 23:06:20.602 [ restartedMain ] - [ INFO  ] [ org.apache.catalina.core.StandardService : 173 ] - Starting service [Tomcat]
2020-05-10 23:06:20.602 [ restartedMain ] - [ INFO  ] [ org.apache.catalina.core.StandardEngine : 173 ] - Starting Servlet engine: [Apache Tomcat/9.0.34]
2020-05-10 23:06:20.733 [ restartedMain ] - [ INFO  ] [ o.a.c.core.ContainerBase.[Tomcat].[localhost].[/] : 173 ] - Initializing Spring embedded WebApplicationContext
2020-05-10 23:06:22.161 [ restartedMain ] - [ INFO  ] [ org.apache.coyote.http11.Http11NioProtocol : 173 ] - Starting ProtocolHandler ["http-nio-8080"]
2020-05-10 23:06:22.208 [ restartedMain ] - [ INFO  ] [ com.example.seckill.SeckillApplication : 61 ] - Started SeckillApplication in 5.053 seconds (JVM running for 7.061)
2020-05-10 23:07:08.616 [ http-nio-8080-exec-1 ] - [ INFO  ] [ o.a.c.core.ContainerBase.[Tomcat].[localhost].[/] : 173 ] - Initializing Spring DispatcherServlet 'dispatcherServlet'
2020-05-10 23:11:24.996 [ http-nio-8080-exec-10 ] - [ INFO  ] [ com.alibaba.druid.pool.DruidDataSource : 922 ] - {dataSource-1} inited
2020-05-10 23:25:36.980 [ SpringContextShutdownHook ] - [ INFO  ] [ com.alibaba.druid.pool.DruidDataSource : 1817 ] - {dataSource-1} closed
