2020-05-17 10:16:06.790 [ restartedMain ] - [ INFO  ] [ com.example.seckill.SeckillApplication : 55 ] - Starting SeckillApplication on panyibiaodeMacBook-Air.local with PID 14023 (/Users/panyibiao/IdeaProjects/seckill/target/classes started by panyibiao in /Users/panyibiao/IdeaProjects/seckill)
2020-05-17 10:16:06.800 [ restartedMain ] - [ INFO  ] [ com.example.seckill.SeckillApplication : 651 ] - No active profile set, falling back to default profiles: default
2020-05-17 10:16:10.897 [ restartedMain ] - [ INFO  ] [ org.apache.coyote.http11.Http11NioProtocol : 173 ] - Initializing ProtocolHandler ["http-nio-8080"]
2020-05-17 10:16:10.898 [ restartedMain ] - [ INFO  ] [ org.apache.catalina.core.StandardService : 173 ] - Starting service [Tomcat]
2020-05-17 10:16:10.899 [ restartedMain ] - [ INFO  ] [ org.apache.catalina.core.StandardEngine : 173 ] - Starting Servlet engine: [Apache Tomcat/9.0.34]
2020-05-17 10:16:11.038 [ restartedMain ] - [ INFO  ] [ o.a.c.core.ContainerBase.[Tomcat].[localhost].[/] : 173 ] - Initializing Spring embedded WebApplicationContext
2020-05-17 10:16:13.577 [ restartedMain ] - [ INFO  ] [ org.apache.coyote.http11.Http11NioProtocol : 173 ] - Starting ProtocolHandler ["http-nio-8080"]
2020-05-17 10:16:13.653 [ restartedMain ] - [ INFO  ] [ com.example.seckill.SeckillApplication : 61 ] - Started SeckillApplication in 8.2 seconds (JVM running for 10.194)
2020-05-17 10:16:49.529 [ restartedMain ] - [ INFO  ] [ com.example.seckill.SeckillApplication : 55 ] - Starting SeckillApplication on panyibiaodeMacBook-Air.local with PID 14026 (/Users/panyibiao/IdeaProjects/seckill/target/classes started by panyibiao in /Users/panyibiao/IdeaProjects/seckill)
2020-05-17 10:16:49.536 [ restartedMain ] - [ INFO  ] [ com.example.seckill.SeckillApplication : 651 ] - No active profile set, falling back to default profiles: default
2020-05-17 10:16:52.032 [ restartedMain ] - [ INFO  ] [ org.apache.coyote.http11.Http11NioProtocol : 173 ] - Initializing ProtocolHandler ["http-nio-8080"]
2020-05-17 10:16:52.033 [ restartedMain ] - [ INFO  ] [ org.apache.catalina.core.StandardService : 173 ] - Starting service [Tomcat]
2020-05-17 10:16:52.033 [ restartedMain ] - [ INFO  ] [ org.apache.catalina.core.StandardEngine : 173 ] - Starting Servlet engine: [Apache Tomcat/9.0.34]
2020-05-17 10:16:52.138 [ restartedMain ] - [ INFO  ] [ o.a.c.core.ContainerBase.[Tomcat].[localhost].[/] : 173 ] - Initializing Spring embedded WebApplicationContext
2020-05-17 10:17:29.655 [ restartedMain ] - [ INFO  ] [ com.example.seckill.SeckillApplication : 55 ] - Starting SeckillApplication on panyibiaodeMacBook-Air.local with PID 14031 (/Users/panyibiao/IdeaProjects/seckill/target/classes started by panyibiao in /Users/panyibiao/IdeaProjects/seckill)
2020-05-17 10:17:29.673 [ restartedMain ] - [ INFO  ] [ com.example.seckill.SeckillApplication : 651 ] - No active profile set, falling back to default profiles: default
2020-05-17 10:17:32.616 [ restartedMain ] - [ INFO  ] [ org.apache.coyote.http11.Http11NioProtocol : 173 ] - Initializing ProtocolHandler ["http-nio-8080"]
2020-05-17 10:17:32.618 [ restartedMain ] - [ INFO  ] [ org.apache.catalina.core.StandardService : 173 ] - Starting service [Tomcat]
2020-05-17 10:17:32.619 [ restartedMain ] - [ INFO  ] [ org.apache.catalina.core.StandardEngine : 173 ] - Starting Servlet engine: [Apache Tomcat/9.0.34]
2020-05-17 10:17:32.727 [ restartedMain ] - [ INFO  ] [ o.a.c.core.ContainerBase.[Tomcat].[localhost].[/] : 173 ] - Initializing Spring embedded WebApplicationContext
2020-05-17 10:19:38.806 [ restartedMain ] - [ INFO  ] [ com.example.seckill.SeckillApplication : 55 ] - Starting SeckillApplication on panyibiaodeMacBook-Air.local with PID 14044 (/Users/panyibiao/IdeaProjects/seckill/target/classes started by panyibiao in /Users/panyibiao/IdeaProjects/seckill)
2020-05-17 10:19:38.811 [ restartedMain ] - [ INFO  ] [ com.example.seckill.SeckillApplication : 651 ] - No active profile set, falling back to default profiles: default
2020-05-17 10:19:41.091 [ restartedMain ] - [ INFO  ] [ org.apache.coyote.http11.Http11NioProtocol : 173 ] - Initializing ProtocolHandler ["http-nio-8080"]
2020-05-17 10:19:41.093 [ restartedMain ] - [ INFO  ] [ org.apache.catalina.core.StandardService : 173 ] - Starting service [Tomcat]
2020-05-17 10:19:41.093 [ restartedMain ] - [ INFO  ] [ org.apache.catalina.core.StandardEngine : 173 ] - Starting Servlet engine: [Apache Tomcat/9.0.34]
2020-05-17 10:19:41.169 [ restartedMain ] - [ INFO  ] [ o.a.c.core.ContainerBase.[Tomcat].[localhost].[/] : 173 ] - Initializing Spring embedded WebApplicationContext
2020-05-17 10:22:37.720 [ restartedMain ] - [ INFO  ] [ com.example.seckill.SeckillApplication : 55 ] - Starting SeckillApplication on panyibiaodeMacBook-Air.local with PID 14067 (/Users/panyibiao/IdeaProjects/seckill/target/classes started by panyibiao in /Users/panyibiao/IdeaProjects/seckill)
2020-05-17 10:22:37.751 [ restartedMain ] - [ INFO  ] [ com.example.seckill.SeckillApplication : 651 ] - No active profile set, falling back to default profiles: default
2020-05-17 10:22:39.936 [ restartedMain ] - [ INFO  ] [ org.apache.coyote.http11.Http11NioProtocol : 173 ] - Initializing ProtocolHandler ["http-nio-8080"]
2020-05-17 10:22:39.937 [ restartedMain ] - [ INFO  ] [ org.apache.catalina.core.StandardService : 173 ] - Starting service [Tomcat]
2020-05-17 10:22:39.938 [ restartedMain ] - [ INFO  ] [ org.apache.catalina.core.StandardEngine : 173 ] - Starting Servlet engine: [Apache Tomcat/9.0.34]
2020-05-17 10:22:40.012 [ restartedMain ] - [ INFO  ] [ o.a.c.core.ContainerBase.[Tomcat].[localhost].[/] : 173 ] - Initializing Spring embedded WebApplicationContext
2020-05-17 10:23:16.137 [ restartedMain ] - [ INFO  ] [ com.example.seckill.SeckillApplication : 55 ] - Starting SeckillApplication on panyibiaodeMacBook-Air.local with PID 14070 (/Users/panyibiao/IdeaProjects/seckill/target/classes started by panyibiao in /Users/panyibiao/IdeaProjects/seckill)
2020-05-17 10:23:16.145 [ restartedMain ] - [ INFO  ] [ com.example.seckill.SeckillApplication : 651 ] - No active profile set, falling back to default profiles: default
2020-05-17 10:23:18.929 [ restartedMain ] - [ INFO  ] [ org.apache.coyote.http11.Http11NioProtocol : 173 ] - Initializing ProtocolHandler ["http-nio-8080"]
2020-05-17 10:23:18.930 [ restartedMain ] - [ INFO  ] [ org.apache.catalina.core.StandardService : 173 ] - Starting service [Tomcat]
2020-05-17 10:23:18.930 [ restartedMain ] - [ INFO  ] [ org.apache.catalina.core.StandardEngine : 173 ] - Starting Servlet engine: [Apache Tomcat/9.0.34]
2020-05-17 10:23:19.016 [ restartedMain ] - [ INFO  ] [ o.a.c.core.ContainerBase.[Tomcat].[localhost].[/] : 173 ] - Initializing Spring embedded WebApplicationContext
2020-05-17 10:23:20.615 [ restartedMain ] - [ INFO  ] [ org.apache.coyote.http11.Http11NioProtocol : 173 ] - Starting ProtocolHandler ["http-nio-8080"]
2020-05-17 10:23:20.662 [ restartedMain ] - [ INFO  ] [ com.example.seckill.SeckillApplication : 61 ] - Started SeckillApplication in 5.603 seconds (JVM running for 7.436)
2020-05-17 10:28:43.986 [ restartedMain ] - [ INFO  ] [ com.example.seckill.SeckillApplication : 55 ] - Starting SeckillApplication on panyibiaodeMacBook-Air.local with PID 14084 (/Users/panyibiao/IdeaProjects/seckill/target/classes started by panyibiao in /Users/panyibiao/IdeaProjects/seckill)
2020-05-17 10:28:43.994 [ restartedMain ] - [ INFO  ] [ com.example.seckill.SeckillApplication : 651 ] - No active profile set, falling back to default profiles: default
2020-05-17 10:28:46.282 [ restartedMain ] - [ INFO  ] [ org.apache.coyote.http11.Http11NioProtocol : 173 ] - Initializing ProtocolHandler ["http-nio-8080"]
2020-05-17 10:28:46.283 [ restartedMain ] - [ INFO  ] [ org.apache.catalina.core.StandardService : 173 ] - Starting service [Tomcat]
2020-05-17 10:28:46.284 [ restartedMain ] - [ INFO  ] [ org.apache.catalina.core.StandardEngine : 173 ] - Starting Servlet engine: [Apache Tomcat/9.0.34]
2020-05-17 10:28:46.358 [ restartedMain ] - [ INFO  ] [ o.a.c.core.ContainerBase.[Tomcat].[localhost].[/] : 173 ] - Initializing Spring embedded WebApplicationContext
2020-05-17 10:28:49.945 [ restartedMain ] - [ INFO  ] [ org.apache.coyote.http11.Http11NioProtocol : 173 ] - Starting ProtocolHandler ["http-nio-8080"]
2020-05-17 10:28:49.993 [ restartedMain ] - [ INFO  ] [ com.example.seckill.SeckillApplication : 61 ] - Started SeckillApplication in 7.137 seconds (JVM running for 9.039)
2020-05-17 10:29:01.851 [ http-nio-8080-exec-1 ] - [ INFO  ] [ o.a.c.core.ContainerBase.[Tomcat].[localhost].[/] : 173 ] - Initializing Spring DispatcherServlet 'dispatcherServlet'
2020-05-17 10:29:02.459 [ http-nio-8080-exec-1 ] - [ ERROR ] [ org.thymeleaf.TemplateEngine : 1136 ] - [THYMELEAF][http-nio-8080-exec-1] Exception processing template "mq": Error resolving template [mq], template might not exist or might not be accessible by any of the configured Template Resolvers
org.thymeleaf.exceptions.TemplateInputException: Error resolving template [mq], template might not exist or might not be accessible by any of the configured Template Resolvers
	at org.thymeleaf.engine.TemplateManager.resolveTemplate(TemplateManager.java:869)
	at org.thymeleaf.engine.TemplateManager.parseAndProcess(TemplateManager.java:607)
	at org.thymeleaf.TemplateEngine.process(TemplateEngine.java:1098)
	at org.thymeleaf.TemplateEngine.process(TemplateEngine.java:1072)
	at org.thymeleaf.spring5.view.ThymeleafView.renderFragment(ThymeleafView.java:362)
	at org.thymeleaf.spring5.view.ThymeleafView.render(ThymeleafView.java:189)
	at org.springframework.web.servlet.DispatcherServlet.render(DispatcherServlet.java:1373)
	at org.springframework.web.servlet.DispatcherServlet.processDispatchResult(DispatcherServlet.java:1118)
	at org.springframework.web.servlet.DispatcherServlet.doDispatch(DispatcherServlet.java:1057)
	at org.springframework.web.servlet.DispatcherServlet.doService(DispatcherServlet.java:943)
	at org.springframework.web.servlet.FrameworkServlet.processRequest(FrameworkServlet.java:1006)
	at org.springframework.web.servlet.FrameworkServlet.doGet(FrameworkServlet.java:898)
	at javax.servlet.http.HttpServlet.service(HttpServlet.java:634)
	at org.springframework.web.servlet.FrameworkServlet.service(FrameworkServlet.java:883)
	at javax.servlet.http.HttpServlet.service(HttpServlet.java:741)
	at org.apache.catalina.core.ApplicationFilterChain.internalDoFilter(ApplicationFilterChain.java:231)
	at org.apache.catalina.core.ApplicationFilterChain.doFilter(ApplicationFilterChain.java:166)
	at org.apache.tomcat.websocket.server.WsFilter.doFilter(WsFilter.java:53)
	at org.apache.catalina.core.ApplicationFilterChain.internalDoFilter(ApplicationFilterChain.java:193)
	at org.apache.catalina.core.ApplicationFilterChain.doFilter(ApplicationFilterChain.java:166)
	at org.springframework.web.servlet.resource.ResourceUrlEncodingFilter.doFilter(ResourceUrlEncodingFilter.java:64)
	at org.apache.catalina.core.ApplicationFilterChain.internalDoFilter(ApplicationFilterChain.java:193)
	at org.apache.catalina.core.ApplicationFilterChain.doFilter(ApplicationFilterChain.java:166)
	at org.springframework.web.filter.RequestContextFilter.doFilterInternal(RequestContextFilter.java:100)
	at org.springframework.web.filter.OncePerRequestFilter.doFilter(OncePerRequestFilter.java:119)
	at org.apache.catalina.core.ApplicationFilterChain.internalDoFilter(ApplicationFilterChain.java:193)
	at org.apache.catalina.core.ApplicationFilterChain.doFilter(ApplicationFilterChain.java:166)
	at org.springframework.web.filter.FormContentFilter.doFilterInternal(FormContentFilter.java:93)
	at org.springframework.web.filter.OncePerRequestFilter.doFilter(OncePerRequestFilter.java:119)
	at org.apache.catalina.core.ApplicationFilterChain.internalDoFilter(ApplicationFilterChain.java:193)
	at org.apache.catalina.core.ApplicationFilterChain.doFilter(ApplicationFilterChain.java:166)
	at org.springframework.web.filter.CharacterEncodingFilter.doFilterInternal(CharacterEncodingFilter.java:201)
	at org.springframework.web.filter.OncePerRequestFilter.doFilter(OncePerRequestFilter.java:119)
	at org.apache.catalina.core.ApplicationFilterChain.internalDoFilter(ApplicationFilterChain.java:193)
	at org.apache.catalina.core.ApplicationFilterChain.doFilter(ApplicationFilterChain.java:166)
	at org.apache.catalina.core.StandardWrapperValve.invoke(StandardWrapperValve.java:202)
	at org.apache.catalina.core.StandardContextValve.invoke(StandardContextValve.java:96)
	at org.apache.catalina.authenticator.AuthenticatorBase.invoke(AuthenticatorBase.java:541)
	at org.apache.catalina.core.StandardHostValve.invoke(StandardHostValve.java:139)
	at org.apache.catalina.valves.ErrorReportValve.invoke(ErrorReportValve.java:92)
	at org.apache.catalina.core.StandardEngineValve.invoke(StandardEngineValve.java:74)
	at org.apache.catalina.connector.CoyoteAdapter.service(CoyoteAdapter.java:343)
	at org.apache.coyote.http11.Http11Processor.service(Http11Processor.java:373)
	at org.apache.coyote.AbstractProcessorLight.process(AbstractProcessorLight.java:65)
	at org.apache.coyote.AbstractProtocol$ConnectionHandler.process(AbstractProtocol.java:868)
	at org.apache.tomcat.util.net.NioEndpoint$SocketProcessor.doRun(NioEndpoint.java:1590)
	at org.apache.tomcat.util.net.SocketProcessorBase.run(SocketProcessorBase.java:49)
	at java.util.concurrent.ThreadPoolExecutor.runWorker(ThreadPoolExecutor.java:1149)
	at java.util.concurrent.ThreadPoolExecutor$Worker.run(ThreadPoolExecutor.java:624)
	at org.apache.tomcat.util.threads.TaskThread$WrappingRunnable.run(TaskThread.java:61)
	at java.lang.Thread.run(Thread.java:748)
2020-05-17 10:29:02.467 [ http-nio-8080-exec-1 ] - [ ERROR ] [ o.a.c.c.C.[.[localhost].[/].[dispatcherServlet] : 175 ] - Servlet.service() for servlet [dispatcherServlet] in context with path [] threw exception [Request processing failed; nested exception is org.thymeleaf.exceptions.TemplateInputException: Error resolving template [mq], template might not exist or might not be accessible by any of the configured Template Resolvers] with root cause
org.thymeleaf.exceptions.TemplateInputException: Error resolving template [mq], template might not exist or might not be accessible by any of the configured Template Resolvers
	at org.thymeleaf.engine.TemplateManager.resolveTemplate(TemplateManager.java:869)
	at org.thymeleaf.engine.TemplateManager.parseAndProcess(TemplateManager.java:607)
	at org.thymeleaf.TemplateEngine.process(TemplateEngine.java:1098)
	at org.thymeleaf.TemplateEngine.process(TemplateEngine.java:1072)
	at org.thymeleaf.spring5.view.ThymeleafView.renderFragment(ThymeleafView.java:362)
	at org.thymeleaf.spring5.view.ThymeleafView.render(ThymeleafView.java:189)
	at org.springframework.web.servlet.DispatcherServlet.render(DispatcherServlet.java:1373)
	at org.springframework.web.servlet.DispatcherServlet.processDispatchResult(DispatcherServlet.java:1118)
	at org.springframework.web.servlet.DispatcherServlet.doDispatch(DispatcherServlet.java:1057)
	at org.springframework.web.servlet.DispatcherServlet.doService(DispatcherServlet.java:943)
	at org.springframework.web.servlet.FrameworkServlet.processRequest(FrameworkServlet.java:1006)
	at org.springframework.web.servlet.FrameworkServlet.doGet(FrameworkServlet.java:898)
	at javax.servlet.http.HttpServlet.service(HttpServlet.java:634)
	at org.springframework.web.servlet.FrameworkServlet.service(FrameworkServlet.java:883)
	at javax.servlet.http.HttpServlet.service(HttpServlet.java:741)
	at org.apache.catalina.core.ApplicationFilterChain.internalDoFilter(ApplicationFilterChain.java:231)
	at org.apache.catalina.core.ApplicationFilterChain.doFilter(ApplicationFilterChain.java:166)
	at org.apache.tomcat.websocket.server.WsFilter.doFilter(WsFilter.java:53)
	at org.apache.catalina.core.ApplicationFilterChain.internalDoFilter(ApplicationFilterChain.java:193)
	at org.apache.catalina.core.ApplicationFilterChain.doFilter(ApplicationFilterChain.java:166)
	at org.springframework.web.servlet.resource.ResourceUrlEncodingFilter.doFilter(ResourceUrlEncodingFilter.java:64)
	at org.apache.catalina.core.ApplicationFilterChain.internalDoFilter(ApplicationFilterChain.java:193)
	at org.apache.catalina.core.ApplicationFilterChain.doFilter(ApplicationFilterChain.java:166)
	at org.springframework.web.filter.RequestContextFilter.doFilterInternal(RequestContextFilter.java:100)
	at org.springframework.web.filter.OncePerRequestFilter.doFilter(OncePerRequestFilter.java:119)
	at org.apache.catalina.core.ApplicationFilterChain.internalDoFilter(ApplicationFilterChain.java:193)
	at org.apache.catalina.core.ApplicationFilterChain.doFilter(ApplicationFilterChain.java:166)
	at org.springframework.web.filter.FormContentFilter.doFilterInternal(FormContentFilter.java:93)
	at org.springframework.web.filter.OncePerRequestFilter.doFilter(OncePerRequestFilter.java:119)
	at org.apache.catalina.core.ApplicationFilterChain.internalDoFilter(ApplicationFilterChain.java:193)
	at org.apache.catalina.core.ApplicationFilterChain.doFilter(ApplicationFilterChain.java:166)
	at org.springframework.web.filter.CharacterEncodingFilter.doFilterInternal(CharacterEncodingFilter.java:201)
	at org.springframework.web.filter.OncePerRequestFilter.doFilter(OncePerRequestFilter.java:119)
	at org.apache.catalina.core.ApplicationFilterChain.internalDoFilter(ApplicationFilterChain.java:193)
	at org.apache.catalina.core.ApplicationFilterChain.doFilter(ApplicationFilterChain.java:166)
	at org.apache.catalina.core.StandardWrapperValve.invoke(StandardWrapperValve.java:202)
	at org.apache.catalina.core.StandardContextValve.invoke(StandardContextValve.java:96)
	at org.apache.catalina.authenticator.AuthenticatorBase.invoke(AuthenticatorBase.java:541)
	at org.apache.catalina.core.StandardHostValve.invoke(StandardHostValve.java:139)
	at org.apache.catalina.valves.ErrorReportValve.invoke(ErrorReportValve.java:92)
	at org.apache.catalina.core.StandardEngineValve.invoke(StandardEngineValve.java:74)
	at org.apache.catalina.connector.CoyoteAdapter.service(CoyoteAdapter.java:343)
	at org.apache.coyote.http11.Http11Processor.service(Http11Processor.java:373)
	at org.apache.coyote.AbstractProcessorLight.process(AbstractProcessorLight.java:65)
	at org.apache.coyote.AbstractProtocol$ConnectionHandler.process(AbstractProtocol.java:868)
	at org.apache.tomcat.util.net.NioEndpoint$SocketProcessor.doRun(NioEndpoint.java:1590)
	at org.apache.tomcat.util.net.SocketProcessorBase.run(SocketProcessorBase.java:49)
	at java.util.concurrent.ThreadPoolExecutor.runWorker(ThreadPoolExecutor.java:1149)
	at java.util.concurrent.ThreadPoolExecutor$Worker.run(ThreadPoolExecutor.java:624)
	at org.apache.tomcat.util.threads.TaskThread$WrappingRunnable.run(TaskThread.java:61)
	at java.lang.Thread.run(Thread.java:748)
2020-05-17 10:30:16.566 [ restartedMain ] - [ INFO  ] [ com.example.seckill.SeckillApplication : 55 ] - Starting SeckillApplication on panyibiaodeMacBook-Air.local with PID 14091 (/Users/panyibiao/IdeaProjects/seckill/target/classes started by panyibiao in /Users/panyibiao/IdeaProjects/seckill)
2020-05-17 10:30:16.571 [ restartedMain ] - [ INFO  ] [ com.example.seckill.SeckillApplication : 651 ] - No active profile set, falling back to default profiles: default
2020-05-17 10:30:19.228 [ restartedMain ] - [ INFO  ] [ org.apache.coyote.http11.Http11NioProtocol : 173 ] - Initializing ProtocolHandler ["http-nio-8080"]
2020-05-17 10:30:19.230 [ restartedMain ] - [ INFO  ] [ org.apache.catalina.core.StandardService : 173 ] - Starting service [Tomcat]
2020-05-17 10:30:19.230 [ restartedMain ] - [ INFO  ] [ org.apache.catalina.core.StandardEngine : 173 ] - Starting Servlet engine: [Apache Tomcat/9.0.34]
2020-05-17 10:30:19.309 [ restartedMain ] - [ INFO  ] [ o.a.c.core.ContainerBase.[Tomcat].[localhost].[/] : 173 ] - Initializing Spring embedded WebApplicationContext
2020-05-17 10:30:22.817 [ restartedMain ] - [ INFO  ] [ org.apache.coyote.http11.Http11NioProtocol : 173 ] - Starting ProtocolHandler ["http-nio-8080"]
2020-05-17 10:30:22.866 [ restartedMain ] - [ INFO  ] [ com.example.seckill.SeckillApplication : 61 ] - Started SeckillApplication in 7.187 seconds (JVM running for 9.022)
2020-05-17 10:30:29.131 [ http-nio-8080-exec-1 ] - [ INFO  ] [ o.a.c.core.ContainerBase.[Tomcat].[localhost].[/] : 173 ] - Initializing Spring DispatcherServlet 'dispatcherServlet'
2020-05-17 11:01:40.605 [ AMQP Connection 182.92.235.82:5672 ] - [ ERROR ] [ com.rabbitmq.client.impl.ForgivingExceptionHandler : 119 ] - An unexpected connection driver error occured
java.net.SocketException: Operation timed out (Read failed)
	at java.net.SocketInputStream.socketRead0(Native Method)
	at java.net.SocketInputStream.socketRead(SocketInputStream.java:116)
	at java.net.SocketInputStream.read(SocketInputStream.java:171)
	at java.net.SocketInputStream.read(SocketInputStream.java:141)
	at java.io.BufferedInputStream.fill(BufferedInputStream.java:246)
	at java.io.BufferedInputStream.read(BufferedInputStream.java:265)
	at java.io.DataInputStream.readUnsignedByte(DataInputStream.java:288)
	at com.rabbitmq.client.impl.Frame.readFrom(Frame.java:91)
	at com.rabbitmq.client.impl.SocketFrameHandler.readFrame(SocketFrameHandler.java:184)
	at com.rabbitmq.client.impl.AMQConnection$MainLoop.run(AMQConnection.java:598)
	at java.lang.Thread.run(Thread.java:748)
2020-05-17 11:38:27.047 [ AMQP Connection 182.92.235.82:5672 ] - [ ERROR ] [ com.rabbitmq.client.impl.ForgivingExceptionHandler : 119 ] - An unexpected connection driver error occured
java.net.SocketException: Network is down (Read failed)
	at java.net.SocketInputStream.socketRead0(Native Method)
	at java.net.SocketInputStream.socketRead(SocketInputStream.java:116)
	at java.net.SocketInputStream.read(SocketInputStream.java:171)
	at java.net.SocketInputStream.read(SocketInputStream.java:141)
	at java.io.BufferedInputStream.fill(BufferedInputStream.java:246)
	at java.io.BufferedInputStream.read(BufferedInputStream.java:265)
	at java.io.DataInputStream.readUnsignedByte(DataInputStream.java:288)
	at com.rabbitmq.client.impl.Frame.readFrom(Frame.java:91)
	at com.rabbitmq.client.impl.SocketFrameHandler.readFrame(SocketFrameHandler.java:184)
	at com.rabbitmq.client.impl.AMQConnection$MainLoop.run(AMQConnection.java:598)
	at java.lang.Thread.run(Thread.java:748)
2020-05-17 11:43:07.649 [ AMQP Connection 182.92.235.82:5672 ] - [ ERROR ] [ com.rabbitmq.client.impl.ForgivingExceptionHandler : 119 ] - An unexpected connection driver error occured
java.net.SocketException: Operation timed out (Read failed)
	at java.net.SocketInputStream.socketRead0(Native Method)
	at java.net.SocketInputStream.socketRead(SocketInputStream.java:116)
	at java.net.SocketInputStream.read(SocketInputStream.java:171)
	at java.net.SocketInputStream.read(SocketInputStream.java:141)
	at java.io.BufferedInputStream.fill(BufferedInputStream.java:246)
	at java.io.BufferedInputStream.read(BufferedInputStream.java:265)
	at java.io.DataInputStream.readUnsignedByte(DataInputStream.java:288)
	at com.rabbitmq.client.impl.Frame.readFrom(Frame.java:91)
	at com.rabbitmq.client.impl.SocketFrameHandler.readFrame(SocketFrameHandler.java:184)
	at com.rabbitmq.client.impl.AMQConnection$MainLoop.run(AMQConnection.java:598)
	at java.lang.Thread.run(Thread.java:748)
2020-05-17 12:36:34.724 [ AMQP Connection 182.92.235.82:5672 ] - [ ERROR ] [ com.rabbitmq.client.impl.ForgivingExceptionHandler : 119 ] - An unexpected connection driver error occured
java.net.SocketException: Operation timed out (Read failed)
	at java.net.SocketInputStream.socketRead0(Native Method)
	at java.net.SocketInputStream.socketRead(SocketInputStream.java:116)
	at java.net.SocketInputStream.read(SocketInputStream.java:171)
	at java.net.SocketInputStream.read(SocketInputStream.java:141)
	at java.io.BufferedInputStream.fill(BufferedInputStream.java:246)
	at java.io.BufferedInputStream.read(BufferedInputStream.java:265)
	at java.io.DataInputStream.readUnsignedByte(DataInputStream.java:288)
	at com.rabbitmq.client.impl.Frame.readFrom(Frame.java:91)
	at com.rabbitmq.client.impl.SocketFrameHandler.readFrame(SocketFrameHandler.java:184)
	at com.rabbitmq.client.impl.AMQConnection$MainLoop.run(AMQConnection.java:598)
	at java.lang.Thread.run(Thread.java:748)
2020-05-17 12:41:16.358 [ AMQP Connection 182.92.235.82:5672 ] - [ ERROR ] [ com.rabbitmq.client.impl.ForgivingExceptionHandler : 119 ] - An unexpected connection driver error occured
java.net.SocketException: Operation timed out (Read failed)
	at java.net.SocketInputStream.socketRead0(Native Method)
	at java.net.SocketInputStream.socketRead(SocketInputStream.java:116)
	at java.net.SocketInputStream.read(SocketInputStream.java:171)
	at java.net.SocketInputStream.read(SocketInputStream.java:141)
	at java.io.BufferedInputStream.fill(BufferedInputStream.java:246)
	at java.io.BufferedInputStream.read(BufferedInputStream.java:265)
	at java.io.DataInputStream.readUnsignedByte(DataInputStream.java:288)
	at com.rabbitmq.client.impl.Frame.readFrom(Frame.java:91)
	at com.rabbitmq.client.impl.SocketFrameHandler.readFrame(SocketFrameHandler.java:184)
	at com.rabbitmq.client.impl.AMQConnection$MainLoop.run(AMQConnection.java:598)
	at java.lang.Thread.run(Thread.java:748)
2020-05-17 13:22:09.335 [ AMQP Connection 182.92.235.82:5672 ] - [ ERROR ] [ com.rabbitmq.client.impl.ForgivingExceptionHandler : 119 ] - An unexpected connection driver error occured
com.rabbitmq.client.MissedHeartbeatException: Heartbeat missing with heartbeat = 60 seconds
	at com.rabbitmq.client.impl.AMQConnection.handleSocketTimeout(AMQConnection.java:780)
	at com.rabbitmq.client.impl.AMQConnection.readFrame(AMQConnection.java:680)
	at com.rabbitmq.client.impl.AMQConnection.access$300(AMQConnection.java:48)
	at com.rabbitmq.client.impl.AMQConnection$MainLoop.run(AMQConnection.java:599)
	at java.lang.Thread.run(Thread.java:748)
2020-05-17 13:26:51.960 [ AMQP Connection 182.92.235.82:5672 ] - [ ERROR ] [ com.rabbitmq.client.impl.ForgivingExceptionHandler : 119 ] - An unexpected connection driver error occured
java.net.SocketException: Operation timed out (Read failed)
	at java.net.SocketInputStream.socketRead0(Native Method)
	at java.net.SocketInputStream.socketRead(SocketInputStream.java:116)
	at java.net.SocketInputStream.read(SocketInputStream.java:171)
	at java.net.SocketInputStream.read(SocketInputStream.java:141)
	at java.io.BufferedInputStream.fill(BufferedInputStream.java:246)
	at java.io.BufferedInputStream.read(BufferedInputStream.java:265)
	at java.io.DataInputStream.readUnsignedByte(DataInputStream.java:288)
	at com.rabbitmq.client.impl.Frame.readFrom(Frame.java:91)
	at com.rabbitmq.client.impl.SocketFrameHandler.readFrame(SocketFrameHandler.java:184)
	at com.rabbitmq.client.impl.AMQConnection$MainLoop.run(AMQConnection.java:598)
	at java.lang.Thread.run(Thread.java:748)
2020-05-17 13:35:01.328 [ AMQP Connection 182.92.235.82:5672 ] - [ ERROR ] [ com.rabbitmq.client.impl.ForgivingExceptionHandler : 119 ] - An unexpected connection driver error occured
java.net.SocketException: Network is down (Read failed)
	at java.net.SocketInputStream.socketRead0(Native Method)
	at java.net.SocketInputStream.socketRead(SocketInputStream.java:116)
	at java.net.SocketInputStream.read(SocketInputStream.java:171)
	at java.net.SocketInputStream.read(SocketInputStream.java:141)
	at java.io.BufferedInputStream.fill(BufferedInputStream.java:246)
	at java.io.BufferedInputStream.read(BufferedInputStream.java:265)
	at java.io.DataInputStream.readUnsignedByte(DataInputStream.java:288)
	at com.rabbitmq.client.impl.Frame.readFrom(Frame.java:91)
	at com.rabbitmq.client.impl.SocketFrameHandler.readFrame(SocketFrameHandler.java:184)
	at com.rabbitmq.client.impl.AMQConnection$MainLoop.run(AMQConnection.java:598)
	at java.lang.Thread.run(Thread.java:748)
2020-05-17 13:40:02.581 [ AMQP Connection 182.92.235.82:5672 ] - [ ERROR ] [ com.rabbitmq.client.impl.ForgivingExceptionHandler : 119 ] - An unexpected connection driver error occured
java.net.SocketException: Operation timed out (Read failed)
	at java.net.SocketInputStream.socketRead0(Native Method)
	at java.net.SocketInputStream.socketRead(SocketInputStream.java:116)
	at java.net.SocketInputStream.read(SocketInputStream.java:171)
	at java.net.SocketInputStream.read(SocketInputStream.java:141)
	at java.io.BufferedInputStream.fill(BufferedInputStream.java:246)
	at java.io.BufferedInputStream.read(BufferedInputStream.java:265)
	at java.io.DataInputStream.readUnsignedByte(DataInputStream.java:288)
	at com.rabbitmq.client.impl.Frame.readFrom(Frame.java:91)
	at com.rabbitmq.client.impl.SocketFrameHandler.readFrame(SocketFrameHandler.java:184)
	at com.rabbitmq.client.impl.AMQConnection$MainLoop.run(AMQConnection.java:598)
	at java.lang.Thread.run(Thread.java:748)
2020-05-17 13:47:52.530 [ AMQP Connection 182.92.235.82:5672 ] - [ ERROR ] [ com.rabbitmq.client.impl.ForgivingExceptionHandler : 119 ] - An unexpected connection driver error occured
java.net.SocketException: Network is down (Read failed)
	at java.net.SocketInputStream.socketRead0(Native Method)
	at java.net.SocketInputStream.socketRead(SocketInputStream.java:116)
	at java.net.SocketInputStream.read(SocketInputStream.java:171)
	at java.net.SocketInputStream.read(SocketInputStream.java:141)
	at java.io.BufferedInputStream.fill(BufferedInputStream.java:246)
	at java.io.BufferedInputStream.read(BufferedInputStream.java:265)
	at java.io.DataInputStream.readUnsignedByte(DataInputStream.java:288)
	at com.rabbitmq.client.impl.Frame.readFrom(Frame.java:91)
	at com.rabbitmq.client.impl.SocketFrameHandler.readFrame(SocketFrameHandler.java:184)
	at com.rabbitmq.client.impl.AMQConnection$MainLoop.run(AMQConnection.java:598)
	at java.lang.Thread.run(Thread.java:748)
2020-05-17 13:52:40.117 [ AMQP Connection 182.92.235.82:5672 ] - [ ERROR ] [ com.rabbitmq.client.impl.ForgivingExceptionHandler : 119 ] - An unexpected connection driver error occured
java.net.SocketException: Operation timed out (Read failed)
	at java.net.SocketInputStream.socketRead0(Native Method)
	at java.net.SocketInputStream.socketRead(SocketInputStream.java:116)
	at java.net.SocketInputStream.read(SocketInputStream.java:171)
	at java.net.SocketInputStream.read(SocketInputStream.java:141)
	at java.io.BufferedInputStream.fill(BufferedInputStream.java:246)
	at java.io.BufferedInputStream.read(BufferedInputStream.java:265)
	at java.io.DataInputStream.readUnsignedByte(DataInputStream.java:288)
	at com.rabbitmq.client.impl.Frame.readFrom(Frame.java:91)
	at com.rabbitmq.client.impl.SocketFrameHandler.readFrame(SocketFrameHandler.java:184)
	at com.rabbitmq.client.impl.AMQConnection$MainLoop.run(AMQConnection.java:598)
	at java.lang.Thread.run(Thread.java:748)
2020-05-17 14:17:25.823 [ AMQP Connection 182.92.235.82:5672 ] - [ ERROR ] [ com.rabbitmq.client.impl.ForgivingExceptionHandler : 119 ] - An unexpected connection driver error occured
java.net.SocketException: Operation timed out (Read failed)
	at java.net.SocketInputStream.socketRead0(Native Method)
	at java.net.SocketInputStream.socketRead(SocketInputStream.java:116)
	at java.net.SocketInputStream.read(SocketInputStream.java:171)
	at java.net.SocketInputStream.read(SocketInputStream.java:141)
	at java.io.BufferedInputStream.fill(BufferedInputStream.java:246)
	at java.io.BufferedInputStream.read(BufferedInputStream.java:265)
	at java.io.DataInputStream.readUnsignedByte(DataInputStream.java:288)
	at com.rabbitmq.client.impl.Frame.readFrom(Frame.java:91)
	at com.rabbitmq.client.impl.SocketFrameHandler.readFrame(SocketFrameHandler.java:184)
	at com.rabbitmq.client.impl.AMQConnection$MainLoop.run(AMQConnection.java:598)
	at java.lang.Thread.run(Thread.java:748)
2020-05-17 14:22:52.825 [ AMQP Connection 182.92.235.82:5672 ] - [ ERROR ] [ com.rabbitmq.client.impl.ForgivingExceptionHandler : 119 ] - An unexpected connection driver error occured
java.net.SocketException: Operation timed out (Read failed)
	at java.net.SocketInputStream.socketRead0(Native Method)
	at java.net.SocketInputStream.socketRead(SocketInputStream.java:116)
	at java.net.SocketInputStream.read(SocketInputStream.java:171)
	at java.net.SocketInputStream.read(SocketInputStream.java:141)
	at java.io.BufferedInputStream.fill(BufferedInputStream.java:246)
	at java.io.BufferedInputStream.read(BufferedInputStream.java:265)
	at java.io.DataInputStream.readUnsignedByte(DataInputStream.java:288)
	at com.rabbitmq.client.impl.Frame.readFrom(Frame.java:91)
	at com.rabbitmq.client.impl.SocketFrameHandler.readFrame(SocketFrameHandler.java:184)
	at com.rabbitmq.client.impl.AMQConnection$MainLoop.run(AMQConnection.java:598)
	at java.lang.Thread.run(Thread.java:748)
2020-05-17 15:55:00.111 [ AMQP Connection 182.92.235.82:5672 ] - [ ERROR ] [ com.rabbitmq.client.impl.ForgivingExceptionHandler : 119 ] - An unexpected connection driver error occured
java.net.SocketException: Operation timed out (Read failed)
	at java.net.SocketInputStream.socketRead0(Native Method)
	at java.net.SocketInputStream.socketRead(SocketInputStream.java:116)
	at java.net.SocketInputStream.read(SocketInputStream.java:171)
	at java.net.SocketInputStream.read(SocketInputStream.java:141)
	at java.io.BufferedInputStream.fill(BufferedInputStream.java:246)
	at java.io.BufferedInputStream.read(BufferedInputStream.java:265)
	at java.io.DataInputStream.readUnsignedByte(DataInputStream.java:288)
	at com.rabbitmq.client.impl.Frame.readFrom(Frame.java:91)
	at com.rabbitmq.client.impl.SocketFrameHandler.readFrame(SocketFrameHandler.java:184)
	at com.rabbitmq.client.impl.AMQConnection$MainLoop.run(AMQConnection.java:598)
	at java.lang.Thread.run(Thread.java:748)
2020-05-17 18:06:08.238 [ AMQP Connection 182.92.235.82:5672 ] - [ ERROR ] [ com.rabbitmq.client.impl.ForgivingExceptionHandler : 119 ] - An unexpected connection driver error occured
java.net.SocketException: Operation timed out (Read failed)
	at java.net.SocketInputStream.socketRead0(Native Method)
	at java.net.SocketInputStream.socketRead(SocketInputStream.java:116)
	at java.net.SocketInputStream.read(SocketInputStream.java:171)
	at java.net.SocketInputStream.read(SocketInputStream.java:141)
	at java.io.BufferedInputStream.fill(BufferedInputStream.java:246)
	at java.io.BufferedInputStream.read(BufferedInputStream.java:265)
	at java.io.DataInputStream.readUnsignedByte(DataInputStream.java:288)
	at com.rabbitmq.client.impl.Frame.readFrom(Frame.java:91)
	at com.rabbitmq.client.impl.SocketFrameHandler.readFrame(SocketFrameHandler.java:184)
	at com.rabbitmq.client.impl.AMQConnection$MainLoop.run(AMQConnection.java:598)
	at java.lang.Thread.run(Thread.java:748)
2020-05-17 18:14:19.525 [ AMQP Connection 182.92.235.82:5672 ] - [ ERROR ] [ com.rabbitmq.client.impl.ForgivingExceptionHandler : 119 ] - An unexpected connection driver error occured
java.net.SocketException: Network is down (Read failed)
	at java.net.SocketInputStream.socketRead0(Native Method)
	at java.net.SocketInputStream.socketRead(SocketInputStream.java:116)
	at java.net.SocketInputStream.read(SocketInputStream.java:171)
	at java.net.SocketInputStream.read(SocketInputStream.java:141)
	at java.io.BufferedInputStream.fill(BufferedInputStream.java:246)
	at java.io.BufferedInputStream.read(BufferedInputStream.java:265)
	at java.io.DataInputStream.readUnsignedByte(DataInputStream.java:288)
	at com.rabbitmq.client.impl.Frame.readFrom(Frame.java:91)
	at com.rabbitmq.client.impl.SocketFrameHandler.readFrame(SocketFrameHandler.java:184)
	at com.rabbitmq.client.impl.AMQConnection$MainLoop.run(AMQConnection.java:598)
	at java.lang.Thread.run(Thread.java:748)
2020-05-17 18:19:06.779 [ AMQP Connection 182.92.235.82:5672 ] - [ ERROR ] [ com.rabbitmq.client.impl.ForgivingExceptionHandler : 119 ] - An unexpected connection driver error occured
java.net.SocketException: Operation timed out (Read failed)
	at java.net.SocketInputStream.socketRead0(Native Method)
	at java.net.SocketInputStream.socketRead(SocketInputStream.java:116)
	at java.net.SocketInputStream.read(SocketInputStream.java:171)
	at java.net.SocketInputStream.read(SocketInputStream.java:141)
	at java.io.BufferedInputStream.fill(BufferedInputStream.java:246)
	at java.io.BufferedInputStream.read(BufferedInputStream.java:265)
	at java.io.DataInputStream.readUnsignedByte(DataInputStream.java:288)
	at com.rabbitmq.client.impl.Frame.readFrom(Frame.java:91)
	at com.rabbitmq.client.impl.SocketFrameHandler.readFrame(SocketFrameHandler.java:184)
	at com.rabbitmq.client.impl.AMQConnection$MainLoop.run(AMQConnection.java:598)
	at java.lang.Thread.run(Thread.java:748)
2020-05-17 18:26:58.846 [ AMQP Connection 182.92.235.82:5672 ] - [ ERROR ] [ com.rabbitmq.client.impl.ForgivingExceptionHandler : 119 ] - An unexpected connection driver error occured
java.net.SocketException: Network is down (Read failed)
	at java.net.SocketInputStream.socketRead0(Native Method)
	at java.net.SocketInputStream.socketRead(SocketInputStream.java:116)
	at java.net.SocketInputStream.read(SocketInputStream.java:171)
	at java.net.SocketInputStream.read(SocketInputStream.java:141)
	at java.io.BufferedInputStream.fill(BufferedInputStream.java:246)
	at java.io.BufferedInputStream.read(BufferedInputStream.java:265)
	at java.io.DataInputStream.readUnsignedByte(DataInputStream.java:288)
	at com.rabbitmq.client.impl.Frame.readFrom(Frame.java:91)
	at com.rabbitmq.client.impl.SocketFrameHandler.readFrame(SocketFrameHandler.java:184)
	at com.rabbitmq.client.impl.AMQConnection$MainLoop.run(AMQConnection.java:598)
	at java.lang.Thread.run(Thread.java:748)
2020-05-17 23:22:45.843 [ restartedMain ] - [ INFO  ] [ com.example.seckill.SeckillApplication : 55 ] - Starting SeckillApplication on panyibiaodeMacBook-Air.local with PID 14890 (/Users/panyibiao/IdeaProjects/seckill/target/classes started by panyibiao in /Users/panyibiao/IdeaProjects/seckill)
2020-05-17 23:22:45.851 [ restartedMain ] - [ INFO  ] [ com.example.seckill.SeckillApplication : 651 ] - No active profile set, falling back to default profiles: default
2020-05-17 23:22:49.054 [ restartedMain ] - [ INFO  ] [ org.apache.coyote.http11.Http11NioProtocol : 173 ] - Initializing ProtocolHandler ["http-nio-8080"]
2020-05-17 23:22:49.055 [ restartedMain ] - [ INFO  ] [ org.apache.catalina.core.StandardService : 173 ] - Starting service [Tomcat]
2020-05-17 23:22:49.056 [ restartedMain ] - [ INFO  ] [ org.apache.catalina.core.StandardEngine : 173 ] - Starting Servlet engine: [Apache Tomcat/9.0.34]
2020-05-17 23:22:49.184 [ restartedMain ] - [ INFO  ] [ o.a.c.core.ContainerBase.[Tomcat].[localhost].[/] : 173 ] - Initializing Spring embedded WebApplicationContext
2020-05-17 23:22:51.207 [ restartedMain ] - [ INFO  ] [ com.alibaba.druid.pool.DruidDataSource : 922 ] - {dataSource-1} inited
2020-05-17 23:22:52.194 [ restartedMain ] - [ INFO  ] [ io.lettuce.core.EpollProvider : 68 ] - Starting without optional epoll library
2020-05-17 23:22:52.201 [ restartedMain ] - [ INFO  ] [ io.lettuce.core.KqueueProvider : 70 ] - Starting without optional kqueue library
2020-05-17 23:23:10.686 [ restartedMain ] - [ INFO  ] [ com.alibaba.druid.pool.DruidDataSource : 1817 ] - {dataSource-1} closed
2020-05-17 23:23:10.692 [ restartedMain ] - [ INFO  ] [ org.apache.catalina.core.StandardService : 173 ] - Stopping service [Tomcat]
2020-05-17 23:23:29.994 [ restartedMain ] - [ INFO  ] [ com.example.seckill.SeckillApplication : 55 ] - Starting SeckillApplication on panyibiaodeMacBook-Air.local with PID 14894 (/Users/panyibiao/IdeaProjects/seckill/target/classes started by panyibiao in /Users/panyibiao/IdeaProjects/seckill)
2020-05-17 23:23:30.002 [ restartedMain ] - [ INFO  ] [ com.example.seckill.SeckillApplication : 651 ] - No active profile set, falling back to default profiles: default
2020-05-17 23:23:32.496 [ restartedMain ] - [ INFO  ] [ org.apache.coyote.http11.Http11NioProtocol : 173 ] - Initializing ProtocolHandler ["http-nio-8080"]
2020-05-17 23:23:32.497 [ restartedMain ] - [ INFO  ] [ org.apache.catalina.core.StandardService : 173 ] - Starting service [Tomcat]
2020-05-17 23:23:32.498 [ restartedMain ] - [ INFO  ] [ org.apache.catalina.core.StandardEngine : 173 ] - Starting Servlet engine: [Apache Tomcat/9.0.34]
2020-05-17 23:23:32.581 [ restartedMain ] - [ INFO  ] [ o.a.c.core.ContainerBase.[Tomcat].[localhost].[/] : 173 ] - Initializing Spring embedded WebApplicationContext
2020-05-17 23:23:33.601 [ restartedMain ] - [ INFO  ] [ com.alibaba.druid.pool.DruidDataSource : 922 ] - {dataSource-1} inited
2020-05-17 23:23:34.106 [ restartedMain ] - [ INFO  ] [ io.lettuce.core.EpollProvider : 68 ] - Starting without optional epoll library
2020-05-17 23:23:34.109 [ restartedMain ] - [ INFO  ] [ io.lettuce.core.KqueueProvider : 70 ] - Starting without optional kqueue library
2020-05-17 23:23:51.672 [ restartedMain ] - [ INFO  ] [ com.alibaba.druid.pool.DruidDataSource : 1817 ] - {dataSource-1} closed
2020-05-17 23:23:51.678 [ restartedMain ] - [ INFO  ] [ org.apache.catalina.core.StandardService : 173 ] - Stopping service [Tomcat]
2020-05-17 23:30:52.332 [ restartedMain ] - [ INFO  ] [ com.example.seckill.SeckillApplication : 55 ] - Starting SeckillApplication on panyibiaodeMacBook-Air.local with PID 14912 (/Users/panyibiao/IdeaProjects/seckill/target/classes started by panyibiao in /Users/panyibiao/IdeaProjects/seckill)
2020-05-17 23:30:52.337 [ restartedMain ] - [ INFO  ] [ com.example.seckill.SeckillApplication : 651 ] - No active profile set, falling back to default profiles: default
2020-05-17 23:30:55.712 [ restartedMain ] - [ INFO  ] [ org.apache.coyote.http11.Http11NioProtocol : 173 ] - Initializing ProtocolHandler ["http-nio-8080"]
2020-05-17 23:30:55.714 [ restartedMain ] - [ INFO  ] [ org.apache.catalina.core.StandardService : 173 ] - Starting service [Tomcat]
2020-05-17 23:30:55.715 [ restartedMain ] - [ INFO  ] [ org.apache.catalina.core.StandardEngine : 173 ] - Starting Servlet engine: [Apache Tomcat/9.0.34]
2020-05-17 23:30:55.821 [ restartedMain ] - [ INFO  ] [ o.a.c.core.ContainerBase.[Tomcat].[localhost].[/] : 173 ] - Initializing Spring embedded WebApplicationContext
2020-05-17 23:30:57.308 [ restartedMain ] - [ INFO  ] [ com.alibaba.druid.pool.DruidDataSource : 922 ] - {dataSource-1} inited
2020-05-17 23:30:58.010 [ restartedMain ] - [ INFO  ] [ io.lettuce.core.EpollProvider : 68 ] - Starting without optional epoll library
2020-05-17 23:30:58.014 [ restartedMain ] - [ INFO  ] [ io.lettuce.core.KqueueProvider : 70 ] - Starting without optional kqueue library
2020-05-17 23:31:15.988 [ restartedMain ] - [ INFO  ] [ com.alibaba.druid.pool.DruidDataSource : 1817 ] - {dataSource-1} closed
2020-05-17 23:31:15.992 [ restartedMain ] - [ INFO  ] [ org.apache.catalina.core.StandardService : 173 ] - Stopping service [Tomcat]
2020-05-17 23:32:47.261 [ restartedMain ] - [ INFO  ] [ com.example.seckill.SeckillApplication : 55 ] - Starting SeckillApplication on panyibiaodeMacBook-Air.local with PID 14915 (/Users/panyibiao/IdeaProjects/seckill/target/classes started by panyibiao in /Users/panyibiao/IdeaProjects/seckill)
2020-05-17 23:32:47.268 [ restartedMain ] - [ INFO  ] [ com.example.seckill.SeckillApplication : 651 ] - No active profile set, falling back to default profiles: default
2020-05-17 23:32:50.679 [ restartedMain ] - [ INFO  ] [ org.apache.coyote.http11.Http11NioProtocol : 173 ] - Initializing ProtocolHandler ["http-nio-8080"]
2020-05-17 23:32:50.681 [ restartedMain ] - [ INFO  ] [ org.apache.catalina.core.StandardService : 173 ] - Starting service [Tomcat]
2020-05-17 23:32:50.681 [ restartedMain ] - [ INFO  ] [ org.apache.catalina.core.StandardEngine : 173 ] - Starting Servlet engine: [Apache Tomcat/9.0.34]
2020-05-17 23:32:50.821 [ restartedMain ] - [ INFO  ] [ o.a.c.core.ContainerBase.[Tomcat].[localhost].[/] : 173 ] - Initializing Spring embedded WebApplicationContext
2020-05-17 23:32:52.297 [ restartedMain ] - [ INFO  ] [ com.alibaba.druid.pool.DruidDataSource : 922 ] - {dataSource-1} inited
2020-05-17 23:32:52.827 [ restartedMain ] - [ INFO  ] [ io.lettuce.core.EpollProvider : 68 ] - Starting without optional epoll library
2020-05-17 23:32:52.832 [ restartedMain ] - [ INFO  ] [ io.lettuce.core.KqueueProvider : 70 ] - Starting without optional kqueue library
2020-05-17 23:33:10.752 [ restartedMain ] - [ INFO  ] [ com.alibaba.druid.pool.DruidDataSource : 1817 ] - {dataSource-1} closed
2020-05-17 23:33:10.755 [ restartedMain ] - [ INFO  ] [ org.apache.catalina.core.StandardService : 173 ] - Stopping service [Tomcat]
2020-05-17 23:34:11.586 [ restartedMain ] - [ INFO  ] [ com.example.seckill.SeckillApplication : 55 ] - Starting SeckillApplication on panyibiaodeMacBook-Air.local with PID 14918 (/Users/panyibiao/IdeaProjects/seckill/target/classes started by panyibiao in /Users/panyibiao/IdeaProjects/seckill)
2020-05-17 23:34:11.591 [ restartedMain ] - [ INFO  ] [ com.example.seckill.SeckillApplication : 651 ] - No active profile set, falling back to default profiles: default
2020-05-17 23:34:14.325 [ restartedMain ] - [ INFO  ] [ org.apache.coyote.http11.Http11NioProtocol : 173 ] - Initializing ProtocolHandler ["http-nio-8080"]
2020-05-17 23:34:14.326 [ restartedMain ] - [ INFO  ] [ org.apache.catalina.core.StandardService : 173 ] - Starting service [Tomcat]
2020-05-17 23:34:14.327 [ restartedMain ] - [ INFO  ] [ org.apache.catalina.core.StandardEngine : 173 ] - Starting Servlet engine: [Apache Tomcat/9.0.34]
2020-05-17 23:34:14.413 [ restartedMain ] - [ INFO  ] [ o.a.c.core.ContainerBase.[Tomcat].[localhost].[/] : 173 ] - Initializing Spring embedded WebApplicationContext
2020-05-17 23:34:15.697 [ restartedMain ] - [ INFO  ] [ com.zaxxer.hikari.HikariDataSource : 110 ] - HikariPool-1 - Starting...
2020-05-17 23:34:16.060 [ restartedMain ] - [ INFO  ] [ com.zaxxer.hikari.HikariDataSource : 123 ] - HikariPool-1 - Start completed.
2020-05-17 23:34:16.384 [ restartedMain ] - [ INFO  ] [ io.lettuce.core.EpollProvider : 68 ] - Starting without optional epoll library
2020-05-17 23:34:16.387 [ restartedMain ] - [ INFO  ] [ io.lettuce.core.KqueueProvider : 70 ] - Starting without optional kqueue library
2020-05-17 23:34:34.225 [ restartedMain ] - [ INFO  ] [ com.zaxxer.hikari.HikariDataSource : 350 ] - HikariPool-1 - Shutdown initiated...
2020-05-17 23:34:34.245 [ restartedMain ] - [ INFO  ] [ com.zaxxer.hikari.HikariDataSource : 352 ] - HikariPool-1 - Shutdown completed.
2020-05-17 23:34:34.249 [ restartedMain ] - [ INFO  ] [ org.apache.catalina.core.StandardService : 173 ] - Stopping service [Tomcat]
2020-05-17 23:38:12.359 [ restartedMain ] - [ INFO  ] [ com.example.seckill.SeckillApplication : 55 ] - Starting SeckillApplication on panyibiaodeMacBook-Air.local with PID 14933 (/Users/panyibiao/IdeaProjects/seckill/target/classes started by panyibiao in /Users/panyibiao/IdeaProjects/seckill)
2020-05-17 23:38:12.365 [ restartedMain ] - [ INFO  ] [ com.example.seckill.SeckillApplication : 651 ] - No active profile set, falling back to default profiles: default
2020-05-17 23:38:16.193 [ restartedMain ] - [ INFO  ] [ org.apache.coyote.http11.Http11NioProtocol : 173 ] - Initializing ProtocolHandler ["http-nio-8080"]
2020-05-17 23:38:16.194 [ restartedMain ] - [ INFO  ] [ org.apache.catalina.core.StandardService : 173 ] - Starting service [Tomcat]
2020-05-17 23:38:16.195 [ restartedMain ] - [ INFO  ] [ org.apache.catalina.core.StandardEngine : 173 ] - Starting Servlet engine: [Apache Tomcat/9.0.34]
2020-05-17 23:38:16.339 [ restartedMain ] - [ INFO  ] [ o.a.c.core.ContainerBase.[Tomcat].[localhost].[/] : 173 ] - Initializing Spring embedded WebApplicationContext
2020-05-17 23:38:17.757 [ restartedMain ] - [ INFO  ] [ com.alibaba.druid.pool.DruidDataSource : 922 ] - {dataSource-1} inited
2020-05-17 23:38:18.465 [ restartedMain ] - [ INFO  ] [ io.lettuce.core.EpollProvider : 68 ] - Starting without optional epoll library
2020-05-17 23:38:18.471 [ restartedMain ] - [ INFO  ] [ io.lettuce.core.KqueueProvider : 70 ] - Starting without optional kqueue library
2020-05-17 23:38:36.371 [ restartedMain ] - [ INFO  ] [ com.alibaba.druid.pool.DruidDataSource : 1817 ] - {dataSource-1} closed
2020-05-17 23:38:36.375 [ restartedMain ] - [ INFO  ] [ org.apache.catalina.core.StandardService : 173 ] - Stopping service [Tomcat]
2020-05-17 23:39:30.839 [ restartedMain ] - [ INFO  ] [ com.example.seckill.SeckillApplication : 55 ] - Starting SeckillApplication on panyibiaodeMacBook-Air.local with PID 14935 (/Users/panyibiao/IdeaProjects/seckill/target/classes started by panyibiao in /Users/panyibiao/IdeaProjects/seckill)
2020-05-17 23:39:30.854 [ restartedMain ] - [ INFO  ] [ com.example.seckill.SeckillApplication : 651 ] - No active profile set, falling back to default profiles: default
2020-05-17 23:39:33.550 [ restartedMain ] - [ INFO  ] [ org.apache.coyote.http11.Http11NioProtocol : 173 ] - Initializing ProtocolHandler ["http-nio-8080"]
2020-05-17 23:39:33.551 [ restartedMain ] - [ INFO  ] [ org.apache.catalina.core.StandardService : 173 ] - Starting service [Tomcat]
2020-05-17 23:39:33.552 [ restartedMain ] - [ INFO  ] [ org.apache.catalina.core.StandardEngine : 173 ] - Starting Servlet engine: [Apache Tomcat/9.0.34]
2020-05-17 23:39:33.654 [ restartedMain ] - [ INFO  ] [ o.a.c.core.ContainerBase.[Tomcat].[localhost].[/] : 173 ] - Initializing Spring embedded WebApplicationContext
2020-05-17 23:39:35.026 [ restartedMain ] - [ INFO  ] [ com.alibaba.druid.pool.DruidDataSource : 922 ] - {dataSource-1} inited
2020-05-17 23:39:35.432 [ restartedMain ] - [ INFO  ] [ io.lettuce.core.EpollProvider : 68 ] - Starting without optional epoll library
2020-05-17 23:39:35.436 [ restartedMain ] - [ INFO  ] [ io.lettuce.core.KqueueProvider : 70 ] - Starting without optional kqueue library
2020-05-17 23:39:52.702 [ restartedMain ] - [ INFO  ] [ com.alibaba.druid.pool.DruidDataSource : 1817 ] - {dataSource-1} closed
2020-05-17 23:39:52.707 [ restartedMain ] - [ INFO  ] [ org.apache.catalina.core.StandardService : 173 ] - Stopping service [Tomcat]
2020-05-17 23:43:44.135 [ restartedMain ] - [ INFO  ] [ com.example.seckill.SeckillApplication : 55 ] - Starting SeckillApplication on panyibiaodeMacBook-Air.local with PID 14943 (/Users/panyibiao/IdeaProjects/seckill/target/classes started by panyibiao in /Users/panyibiao/IdeaProjects/seckill)
2020-05-17 23:43:44.142 [ restartedMain ] - [ INFO  ] [ com.example.seckill.SeckillApplication : 651 ] - No active profile set, falling back to default profiles: default
2020-05-17 23:43:47.640 [ restartedMain ] - [ INFO  ] [ org.apache.coyote.http11.Http11NioProtocol : 173 ] - Initializing ProtocolHandler ["http-nio-8080"]
2020-05-17 23:43:47.641 [ restartedMain ] - [ INFO  ] [ org.apache.catalina.core.StandardService : 173 ] - Starting service [Tomcat]
2020-05-17 23:43:47.642 [ restartedMain ] - [ INFO  ] [ org.apache.catalina.core.StandardEngine : 173 ] - Starting Servlet engine: [Apache Tomcat/9.0.34]
2020-05-17 23:43:47.720 [ restartedMain ] - [ INFO  ] [ o.a.c.core.ContainerBase.[Tomcat].[localhost].[/] : 173 ] - Initializing Spring embedded WebApplicationContext
2020-05-17 23:43:49.305 [ restartedMain ] - [ INFO  ] [ com.alibaba.druid.pool.DruidDataSource : 922 ] - {dataSource-1} inited
2020-05-17 23:43:50.047 [ restartedMain ] - [ INFO  ] [ io.lettuce.core.EpollProvider : 68 ] - Starting without optional epoll library
2020-05-17 23:43:50.051 [ restartedMain ] - [ INFO  ] [ io.lettuce.core.KqueueProvider : 70 ] - Starting without optional kqueue library
2020-05-17 23:44:10.671 [ restartedMain ] - [ INFO  ] [ com.example.seckill.SeckillApplication : 55 ] - Starting SeckillApplication on panyibiaodeMacBook-Air.local with PID 14946 (/Users/panyibiao/IdeaProjects/seckill/target/classes started by panyibiao in /Users/panyibiao/IdeaProjects/seckill)
2020-05-17 23:44:10.696 [ restartedMain ] - [ INFO  ] [ com.example.seckill.SeckillApplication : 651 ] - No active profile set, falling back to default profiles: default
2020-05-17 23:44:13.299 [ restartedMain ] - [ INFO  ] [ org.apache.coyote.http11.Http11NioProtocol : 173 ] - Initializing ProtocolHandler ["http-nio-8080"]
2020-05-17 23:44:13.301 [ restartedMain ] - [ INFO  ] [ org.apache.catalina.core.StandardService : 173 ] - Starting service [Tomcat]
2020-05-17 23:44:13.301 [ restartedMain ] - [ INFO  ] [ org.apache.catalina.core.StandardEngine : 173 ] - Starting Servlet engine: [Apache Tomcat/9.0.34]
2020-05-17 23:44:13.381 [ restartedMain ] - [ INFO  ] [ o.a.c.core.ContainerBase.[Tomcat].[localhost].[/] : 173 ] - Initializing Spring embedded WebApplicationContext
2020-05-17 23:44:31.241 [ restartedMain ] - [ INFO  ] [ org.apache.catalina.core.StandardService : 173 ] - Stopping service [Tomcat]
2020-05-17 23:44:44.258 [ restartedMain ] - [ INFO  ] [ com.example.seckill.SeckillApplication : 55 ] - Starting SeckillApplication on panyibiaodeMacBook-Air.local with PID 14948 (/Users/panyibiao/IdeaProjects/seckill/target/classes started by panyibiao in /Users/panyibiao/IdeaProjects/seckill)
2020-05-17 23:44:44.270 [ restartedMain ] - [ INFO  ] [ com.example.seckill.SeckillApplication : 651 ] - No active profile set, falling back to default profiles: default
2020-05-17 23:44:46.851 [ restartedMain ] - [ INFO  ] [ org.apache.coyote.http11.Http11NioProtocol : 173 ] - Initializing ProtocolHandler ["http-nio-8080"]
2020-05-17 23:44:46.852 [ restartedMain ] - [ INFO  ] [ org.apache.catalina.core.StandardService : 173 ] - Starting service [Tomcat]
2020-05-17 23:44:46.852 [ restartedMain ] - [ INFO  ] [ org.apache.catalina.core.StandardEngine : 173 ] - Starting Servlet engine: [Apache Tomcat/9.0.34]
2020-05-17 23:44:46.929 [ restartedMain ] - [ INFO  ] [ o.a.c.core.ContainerBase.[Tomcat].[localhost].[/] : 173 ] - Initializing Spring embedded WebApplicationContext
2020-05-17 23:44:48.135 [ restartedMain ] - [ INFO  ] [ com.alibaba.druid.pool.DruidDataSource : 922 ] - {dataSource-1} inited
2020-05-17 23:44:48.672 [ restartedMain ] - [ INFO  ] [ io.lettuce.core.EpollProvider : 68 ] - Starting without optional epoll library
2020-05-17 23:44:48.675 [ restartedMain ] - [ INFO  ] [ io.lettuce.core.KqueueProvider : 70 ] - Starting without optional kqueue library
2020-05-17 23:45:04.217 [ restartedMain ] - [ INFO  ] [ com.example.seckill.SeckillApplication : 55 ] - Starting SeckillApplication on panyibiaodeMacBook-Air.local with PID 14951 (/Users/panyibiao/IdeaProjects/seckill/target/classes started by panyibiao in /Users/panyibiao/IdeaProjects/seckill)
2020-05-17 23:45:04.226 [ restartedMain ] - [ INFO  ] [ com.example.seckill.SeckillApplication : 651 ] - No active profile set, falling back to default profiles: default
2020-05-17 23:45:07.161 [ restartedMain ] - [ INFO  ] [ org.apache.coyote.http11.Http11NioProtocol : 173 ] - Initializing ProtocolHandler ["http-nio-8080"]
2020-05-17 23:45:07.163 [ restartedMain ] - [ INFO  ] [ org.apache.catalina.core.StandardService : 173 ] - Starting service [Tomcat]
2020-05-17 23:45:07.163 [ restartedMain ] - [ INFO  ] [ org.apache.catalina.core.StandardEngine : 173 ] - Starting Servlet engine: [Apache Tomcat/9.0.34]
2020-05-17 23:45:07.275 [ restartedMain ] - [ INFO  ] [ o.a.c.core.ContainerBase.[Tomcat].[localhost].[/] : 173 ] - Initializing Spring embedded WebApplicationContext
2020-05-17 23:45:25.336 [ restartedMain ] - [ INFO  ] [ org.apache.catalina.core.StandardService : 173 ] - Stopping service [Tomcat]
2020-05-17 23:46:31.420 [ restartedMain ] - [ INFO  ] [ com.example.seckill.SeckillApplication : 55 ] - Starting SeckillApplication on panyibiaodeMacBook-Air.local with PID 14955 (/Users/panyibiao/IdeaProjects/seckill/target/classes started by panyibiao in /Users/panyibiao/IdeaProjects/seckill)
2020-05-17 23:46:31.427 [ restartedMain ] - [ INFO  ] [ com.example.seckill.SeckillApplication : 651 ] - No active profile set, falling back to default profiles: default
2020-05-17 23:46:33.786 [ restartedMain ] - [ INFO  ] [ org.apache.coyote.http11.Http11NioProtocol : 173 ] - Initializing ProtocolHandler ["http-nio-8080"]
2020-05-17 23:46:33.787 [ restartedMain ] - [ INFO  ] [ org.apache.catalina.core.StandardService : 173 ] - Starting service [Tomcat]
2020-05-17 23:46:33.788 [ restartedMain ] - [ INFO  ] [ org.apache.catalina.core.StandardEngine : 173 ] - Starting Servlet engine: [Apache Tomcat/9.0.34]
2020-05-17 23:46:33.866 [ restartedMain ] - [ INFO  ] [ o.a.c.core.ContainerBase.[Tomcat].[localhost].[/] : 173 ] - Initializing Spring embedded WebApplicationContext
2020-05-17 23:46:35.173 [ restartedMain ] - [ INFO  ] [ com.alibaba.druid.pool.DruidDataSource : 922 ] - {dataSource-1} inited
2020-05-17 23:46:35.587 [ restartedMain ] - [ INFO  ] [ io.lettuce.core.EpollProvider : 68 ] - Starting without optional epoll library
2020-05-17 23:46:35.589 [ restartedMain ] - [ INFO  ] [ io.lettuce.core.KqueueProvider : 70 ] - Starting without optional kqueue library
2020-05-17 23:46:50.553 [ restartedMain ] - [ INFO  ] [ com.example.seckill.SeckillApplication : 55 ] - Starting SeckillApplication on panyibiaodeMacBook-Air.local with PID 14958 (/Users/panyibiao/IdeaProjects/seckill/target/classes started by panyibiao in /Users/panyibiao/IdeaProjects/seckill)
2020-05-17 23:46:50.565 [ restartedMain ] - [ INFO  ] [ com.example.seckill.SeckillApplication : 651 ] - No active profile set, falling back to default profiles: default
2020-05-17 23:46:54.431 [ restartedMain ] - [ INFO  ] [ org.apache.coyote.http11.Http11NioProtocol : 173 ] - Initializing ProtocolHandler ["http-nio-8080"]
2020-05-17 23:46:54.434 [ restartedMain ] - [ INFO  ] [ org.apache.catalina.core.StandardService : 173 ] - Starting service [Tomcat]
2020-05-17 23:46:54.435 [ restartedMain ] - [ INFO  ] [ org.apache.catalina.core.StandardEngine : 173 ] - Starting Servlet engine: [Apache Tomcat/9.0.34]
2020-05-17 23:46:54.654 [ restartedMain ] - [ INFO  ] [ o.a.c.core.ContainerBase.[Tomcat].[localhost].[/] : 173 ] - Initializing Spring embedded WebApplicationContext
2020-05-17 23:46:56.537 [ restartedMain ] - [ INFO  ] [ com.alibaba.druid.pool.DruidDataSource : 922 ] - {dataSource-1} inited
2020-05-17 23:46:57.362 [ restartedMain ] - [ INFO  ] [ io.lettuce.core.EpollProvider : 68 ] - Starting without optional epoll library
2020-05-17 23:46:57.366 [ restartedMain ] - [ INFO  ] [ io.lettuce.core.KqueueProvider : 70 ] - Starting without optional kqueue library
2020-05-17 23:47:15.397 [ restartedMain ] - [ INFO  ] [ com.alibaba.druid.pool.DruidDataSource : 1817 ] - {dataSource-1} closed
2020-05-17 23:47:15.403 [ restartedMain ] - [ INFO  ] [ org.apache.catalina.core.StandardService : 173 ] - Stopping service [Tomcat]
2020-05-17 23:47:56.166 [ restartedMain ] - [ INFO  ] [ com.example.seckill.SeckillApplication : 55 ] - Starting SeckillApplication on panyibiaodeMacBook-Air.local with PID 14963 (/Users/panyibiao/IdeaProjects/seckill/target/classes started by panyibiao in /Users/panyibiao/IdeaProjects/seckill)
2020-05-17 23:47:56.171 [ restartedMain ] - [ INFO  ] [ com.example.seckill.SeckillApplication : 651 ] - No active profile set, falling back to default profiles: default
2020-05-17 23:47:59.853 [ restartedMain ] - [ INFO  ] [ org.apache.coyote.http11.Http11NioProtocol : 173 ] - Initializing ProtocolHandler ["http-nio-8080"]
2020-05-17 23:47:59.854 [ restartedMain ] - [ INFO  ] [ org.apache.catalina.core.StandardService : 173 ] - Starting service [Tomcat]
2020-05-17 23:47:59.855 [ restartedMain ] - [ INFO  ] [ org.apache.catalina.core.StandardEngine : 173 ] - Starting Servlet engine: [Apache Tomcat/9.0.34]
2020-05-17 23:48:00.030 [ restartedMain ] - [ INFO  ] [ o.a.c.core.ContainerBase.[Tomcat].[localhost].[/] : 173 ] - Initializing Spring embedded WebApplicationContext
2020-05-17 23:48:02.177 [ restartedMain ] - [ INFO  ] [ com.alibaba.druid.pool.DruidDataSource : 922 ] - {dataSource-1} inited
2020-05-17 23:48:02.878 [ restartedMain ] - [ INFO  ] [ io.lettuce.core.EpollProvider : 68 ] - Starting without optional epoll library
2020-05-17 23:48:02.882 [ restartedMain ] - [ INFO  ] [ io.lettuce.core.KqueueProvider : 70 ] - Starting without optional kqueue library
2020-05-17 23:58:46.505 [ restartedMain ] - [ INFO  ] [ com.example.seckill.SeckillApplication : 55 ] - Starting SeckillApplication on panyibiaodeMacBook-Air.local with PID 14974 (/Users/panyibiao/IdeaProjects/seckill/target/classes started by panyibiao in /Users/panyibiao/IdeaProjects/seckill)
2020-05-17 23:58:46.519 [ restartedMain ] - [ INFO  ] [ com.example.seckill.SeckillApplication : 651 ] - No active profile set, falling back to default profiles: default
2020-05-17 23:58:51.410 [ restartedMain ] - [ INFO  ] [ org.apache.coyote.http11.Http11NioProtocol : 173 ] - Initializing ProtocolHandler ["http-nio-8080"]
2020-05-17 23:58:51.412 [ restartedMain ] - [ INFO  ] [ org.apache.catalina.core.StandardService : 173 ] - Starting service [Tomcat]
2020-05-17 23:58:51.413 [ restartedMain ] - [ INFO  ] [ org.apache.catalina.core.StandardEngine : 173 ] - Starting Servlet engine: [Apache Tomcat/9.0.34]
2020-05-17 23:58:51.640 [ restartedMain ] - [ INFO  ] [ o.a.c.core.ContainerBase.[Tomcat].[localhost].[/] : 173 ] - Initializing Spring embedded WebApplicationContext
2020-05-17 23:58:54.432 [ restartedMain ] - [ INFO  ] [ com.alibaba.druid.pool.DruidDataSource : 922 ] - {dataSource-1} inited
2020-05-17 23:58:55.463 [ restartedMain ] - [ INFO  ] [ io.lettuce.core.EpollProvider : 68 ] - Starting without optional epoll library
2020-05-17 23:58:55.467 [ restartedMain ] - [ INFO  ] [ io.lettuce.core.KqueueProvider : 70 ] - Starting without optional kqueue library
2020-05-17 23:58:59.041 [ restartedMain ] - [ INFO  ] [ org.apache.coyote.http11.Http11NioProtocol : 173 ] - Starting ProtocolHandler ["http-nio-8080"]
2020-05-17 23:58:59.088 [ restartedMain ] - [ INFO  ] [ com.example.seckill.SeckillApplication : 61 ] - Started SeckillApplication in 14.6 seconds (JVM running for 17.791)
2020-05-17 23:59:39.267 [ http-nio-8080-exec-1 ] - [ INFO  ] [ o.a.c.core.ContainerBase.[Tomcat].[localhost].[/] : 173 ] - Initializing Spring DispatcherServlet 'dispatcherServlet'
